C:\SFML\TileMap\Release\AttackBlockedAirState.obj
C:\SFML\TileMap\Release\AttackBlockedState.obj
C:\SFML\TileMap\Release\AttackState.obj
C:\SFML\TileMap\Release\AttackStateAir.obj
C:\SFML\TileMap\Release\AttackType.obj
C:\SFML\TileMap\Release\BackgroundGameObject.obj
C:\SFML\TileMap\Release\BattleReadyState.obj
C:\SFML\TileMap\Release\BloodAnimationLogic.obj
C:\SFML\TileMap\Release\BoxColliderComponent.obj
C:\SFML\TileMap\Release\cl.command.1.tlog
C:\SFML\TileMap\Release\CL.read.1.tlog
C:\SFML\TileMap\Release\CL.write.1.tlog
C:\SFML\TileMap\Release\Component.obj
C:\SFML\TileMap\Release\CState.obj
C:\SFML\TileMap\Release\CStateNinjaAttacking.obj
C:\SFML\TileMap\Release\CStateNinjaDead.obj
C:\SFML\TileMap\Release\CStateNinjaDeadAir.obj
C:\SFML\TileMap\Release\CStateNinjaHit.obj
C:\SFML\TileMap\Release\CStateNinjaHitAir.obj
C:\SFML\TileMap\Release\CStateNinjaJumping.obj
C:\SFML\TileMap\Release\CStateNinjaRunning.obj
C:\SFML\TileMap\Release\CStateNinjaStanding.obj
C:\SFML\TileMap\Release\CStateRyobeAttacking.obj
C:\SFML\TileMap\Release\CStateRyobeAttackPunch.obj
C:\SFML\TileMap\Release\CStateRyobeBattleEntrance.obj
C:\SFML\TileMap\Release\CStateRyobeBlocking.obj
C:\SFML\TileMap\Release\CStateRyobeDead.obj
C:\SFML\TileMap\Release\CStateRyobeStanding.obj
C:\SFML\TileMap\Release\CStateRyobeWalking.obj
C:\SFML\TileMap\Release\DaggerLogic.obj
C:\SFML\TileMap\Release\DazedState.obj
C:\SFML\TileMap\Release\DeadAirState.obj
C:\SFML\TileMap\Release\FallingState.obj
C:\SFML\TileMap\Release\Game.obj
C:\SFML\TileMap\Release\GameObject.obj
C:\SFML\TileMap\Release\GameObjectManager.obj
C:\SFML\TileMap\Release\GameScene.obj
C:\SFML\TILEMAP\RELEASE\GRID.OBJ
C:\SFML\TileMap\Release\GuardState.obj
C:\SFML\TileMap\Release\GUIRedOrbLogic.obj
C:\SFML\TILEMAP\RELEASE\GUIREDORBRENDER.OBJ
C:\SFML\TileMap\Release\HealthBarLogic.obj
C:\SFML\TileMap\Release\HitAirState.obj
C:\SFML\TileMap\Release\HitState.obj
C:\SFML\TileMap\Release\InputComponent.obj
C:\SFML\TileMap\Release\ItemGameObject.obj
C:\SFML\TileMap\Release\ItemLogic.obj
C:\SFML\TileMap\Release\JumpingState.obj
C:\SFML\TileMap\Release\KnockoutState.obj
C:\SFML\TileMap\Release\link.command.1.tlog
C:\SFML\TileMap\Release\link.read.1.tlog
C:\SFML\TileMap\Release\link.write.1.tlog
C:\SFML\TileMap\Release\LogicComponent.obj
C:\SFML\TileMap\Release\main.obj
C:\SFML\TileMap\Release\mt.command.1.tlog
C:\SFML\TileMap\Release\mt.read.1.tlog
C:\SFML\TileMap\Release\mt.write.1.tlog
C:\SFML\TileMap\Release\MusicPlayer.obj
C:\SFML\TileMap\Release\NinjaBoxCollider.obj
C:\SFML\TileMap\Release\NinjaGameObject.obj
C:\SFML\TileMap\Release\NinjaInput.obj
C:\SFML\TileMap\Release\NinjaLogic.obj
C:\SFML\TileMap\Release\NinjaRender.obj
C:\SFML\TileMap\Release\NinjaSlashBoxCollider.obj
C:\SFML\TileMap\Release\NinjaSlashBoxLogic.obj
C:\SFML\TileMap\Release\ParryEffectLogic.obj
C:\SFML\TileMap\Release\PauseScene.obj
C:\SFML\TileMap\Release\PlayerBoxCollider.obj
C:\SFML\TileMap\Release\PlayerInput.obj
C:\SFML\TileMap\Release\PlayerLogic.obj
C:\SFML\TileMap\Release\PlayerRender.obj
C:\SFML\TileMap\Release\PlayerState.obj
C:\SFML\TileMap\Release\RenderComponent.obj
C:\SFML\TileMap\Release\ResourceHolder.obj
C:\SFML\TileMap\Release\RunningState.obj
C:\SFML\TileMap\Release\RyobeAttackBoxLogic.obj
C:\SFML\TileMap\Release\RyobeBoxCollider.obj
C:\SFML\TileMap\Release\RyobeGameObject.obj
C:\SFML\TileMap\Release\RyobeLogic.obj
C:\SFML\TileMap\Release\RyobeRender.obj
C:\SFML\TileMap\Release\Scene.obj
C:\SFML\TileMap\Release\SceneStack.obj
C:\SFML\TileMap\Release\SlashBoxBoxCollider.obj
C:\SFML\TileMap\Release\SlashBoxLogic.obj
C:\SFML\TileMap\Release\SoundPlayer.obj
C:\SFML\TileMap\Release\SpriteAnim.obj
C:\SFML\TileMap\Release\StandingState.obj
C:\SFML\TileMap\Release\System.obj
C:\SFML\TILEMAP\RELEASE\TILEMAP.EXE
C:\SFML\TILEMAP\RELEASE\TILEMAP.EXE.INTERMEDIATE.MANIFEST
C:\SFML\TILEMAP\RELEASE\TILEMAP.PDB
C:\SFML\TileMap\Release\TileMap.write.1.tlog
C:\SFML\TileMap\Release\TitleScene.obj
C:\SFML\TileMap\Release\TransformComponent.obj
C:\SFML\TILEMAP\RELEASE\VC100.PDB
C:\SFML\TileMap\Release\WinState.obj
C:\SFML\TileMap\Release\World.obj
