C:\SFML\SolsticeScar\Debug\AttackBlockedAirState.obj
C:\SFML\SolsticeScar\Debug\AttackBlockedState.obj
C:\SFML\SolsticeScar\Debug\AttackState.obj
C:\SFML\SolsticeScar\Debug\AttackStateAir.obj
C:\SFML\SolsticeScar\Debug\AttackType.obj
C:\SFML\SolsticeScar\Debug\BackgroundGameObject.obj
C:\SFML\SolsticeScar\Debug\BattleReadyState.obj
C:\SFML\SolsticeScar\Debug\BloodAnimationLogic.obj
C:\SFML\SolsticeScar\Debug\BoxColliderComponent.obj
C:\SFML\SolsticeScar\Debug\cl.command.1.tlog
C:\SFML\SolsticeScar\Debug\CL.read.1.tlog
C:\SFML\SolsticeScar\Debug\CL.write.1.tlog
C:\SFML\SolsticeScar\Debug\CL-DW20.read.1.tlog
C:\SFML\SolsticeScar\Debug\CL-DW20-dwwin.read.2.tlog
C:\SFML\SolsticeScar\Debug\CL-DW20-dwwin.read.4.tlog
C:\SFML\SolsticeScar\Debug\CL-DW20-dwwin.write.2.tlog
C:\SFML\SolsticeScar\Debug\Component.obj
C:\SFML\SolsticeScar\Debug\CState.obj
C:\SFML\SolsticeScar\Debug\CStateNinjaAttacking.obj
C:\SFML\SolsticeScar\Debug\CStateNinjaDead.obj
C:\SFML\SolsticeScar\Debug\CStateNinjaDeadAir.obj
C:\SFML\SolsticeScar\Debug\CStateNinjaHit.obj
C:\SFML\SolsticeScar\Debug\CStateNinjaHitAir.obj
C:\SFML\SolsticeScar\Debug\CStateNinjaJumping.obj
C:\SFML\SolsticeScar\Debug\CStateNinjaRunning.obj
C:\SFML\SolsticeScar\Debug\CStateNinjaStanding.obj
C:\SFML\SolsticeScar\Debug\CStateRyobeAttacking.obj
C:\SFML\SolsticeScar\Debug\CStateRyobeAttackPunch.obj
C:\SFML\SolsticeScar\Debug\CStateRyobeBattleEntrance.obj
C:\SFML\SolsticeScar\Debug\CStateRyobeBlocking.obj
C:\SFML\SolsticeScar\Debug\CStateRyobeDead.obj
C:\SFML\SolsticeScar\Debug\CStateRyobeStanding.obj
C:\SFML\SolsticeScar\Debug\CStateRyobeWalking.obj
C:\SFML\SolsticeScar\Debug\DaggerLogic.obj
C:\SFML\SolsticeScar\Debug\DazedState.obj
C:\SFML\SolsticeScar\Debug\DeadAirState.obj
C:\SFML\SolsticeScar\Debug\FallingState.obj
C:\SFML\SolsticeScar\Debug\Game.obj
C:\SFML\SolsticeScar\Debug\GameObject.obj
C:\SFML\SolsticeScar\Debug\GameScene.obj
C:\SFML\SolsticeScar\Debug\Grid.obj
C:\SFML\SolsticeScar\Debug\GuardState.obj
C:\SFML\SolsticeScar\Debug\GUIRedOrbLogic.obj
C:\SFML\SolsticeScar\Debug\GUIRedOrbRender.obj
C:\SFML\SolsticeScar\Debug\HealthBarLogic.obj
C:\SFML\SolsticeScar\Debug\HitAirState.obj
C:\SFML\SolsticeScar\Debug\HitState.obj
C:\SFML\SolsticeScar\Debug\InputComponent.obj
C:\SFML\SolsticeScar\Debug\ItemGameObject.obj
C:\SFML\SolsticeScar\Debug\ItemLogic.obj
C:\SFML\SolsticeScar\Debug\JumpingState.obj
C:\SFML\SolsticeScar\Debug\KnockoutState.obj
C:\SFML\SolsticeScar\Debug\link.10008.read.1.tlog
C:\SFML\SolsticeScar\Debug\link.10008.write.1.tlog
C:\SFML\SolsticeScar\Debug\link.10008-cvtres.read.1.tlog
C:\SFML\SolsticeScar\Debug\link.10008-cvtres.write.1.tlog
C:\SFML\SolsticeScar\Debug\link.10116.read.1.tlog
C:\SFML\SolsticeScar\Debug\link.10116.write.1.tlog
C:\SFML\SolsticeScar\Debug\link.10116-cvtres.read.1.tlog
C:\SFML\SolsticeScar\Debug\link.10116-cvtres.write.1.tlog
C:\SFML\SolsticeScar\Debug\link.10388.read.1.tlog
C:\SFML\SolsticeScar\Debug\link.10388.write.1.tlog
C:\SFML\SolsticeScar\Debug\link.10388-cvtres.read.1.tlog
C:\SFML\SolsticeScar\Debug\link.10388-cvtres.write.1.tlog
C:\SFML\SolsticeScar\Debug\link.10644.read.1.tlog
C:\SFML\SolsticeScar\Debug\link.10644.write.1.tlog
C:\SFML\SolsticeScar\Debug\link.10644-cvtres.read.1.tlog
C:\SFML\SolsticeScar\Debug\link.10644-cvtres.write.1.tlog
C:\SFML\SolsticeScar\Debug\link.10680.read.1.tlog
C:\SFML\SolsticeScar\Debug\link.10680.write.1.tlog
C:\SFML\SolsticeScar\Debug\link.10680-cvtres.read.1.tlog
C:\SFML\SolsticeScar\Debug\link.10680-cvtres.write.1.tlog
C:\SFML\SolsticeScar\Debug\link.10724.read.1.tlog
C:\SFML\SolsticeScar\Debug\link.10724.write.1.tlog
C:\SFML\SolsticeScar\Debug\link.10724-cvtres.read.1.tlog
C:\SFML\SolsticeScar\Debug\link.10724-cvtres.write.1.tlog
C:\SFML\SolsticeScar\Debug\link.10732.read.1.tlog
C:\SFML\SolsticeScar\Debug\link.10732.write.1.tlog
C:\SFML\SolsticeScar\Debug\link.10732-cvtres.read.1.tlog
C:\SFML\SolsticeScar\Debug\link.10732-cvtres.write.1.tlog
C:\SFML\SolsticeScar\Debug\link.10740.read.1.tlog
C:\SFML\SolsticeScar\Debug\link.10740.write.1.tlog
C:\SFML\SolsticeScar\Debug\link.10740-cvtres.read.1.tlog
C:\SFML\SolsticeScar\Debug\link.10740-cvtres.write.1.tlog
C:\SFML\SolsticeScar\Debug\link.10860.read.1.tlog
C:\SFML\SolsticeScar\Debug\link.10860.write.1.tlog
C:\SFML\SolsticeScar\Debug\link.10860-cvtres.read.1.tlog
C:\SFML\SolsticeScar\Debug\link.10860-cvtres.write.1.tlog
C:\SFML\SolsticeScar\Debug\link.10916.read.1.tlog
C:\SFML\SolsticeScar\Debug\link.10916.write.1.tlog
C:\SFML\SolsticeScar\Debug\link.10916-cvtres.read.1.tlog
C:\SFML\SolsticeScar\Debug\link.10916-cvtres.write.1.tlog
C:\SFML\SolsticeScar\Debug\link.10952.read.1.tlog
C:\SFML\SolsticeScar\Debug\link.10952.write.1.tlog
C:\SFML\SolsticeScar\Debug\link.10952-cvtres.read.1.tlog
C:\SFML\SolsticeScar\Debug\link.10952-cvtres.write.1.tlog
C:\SFML\SolsticeScar\Debug\link.11016.read.1.tlog
C:\SFML\SolsticeScar\Debug\link.11016.write.1.tlog
C:\SFML\SolsticeScar\Debug\link.11016-cvtres.read.1.tlog
C:\SFML\SolsticeScar\Debug\link.11016-cvtres.write.1.tlog
C:\SFML\SolsticeScar\Debug\link.11324.read.1.tlog
C:\SFML\SolsticeScar\Debug\link.11324.write.1.tlog
C:\SFML\SolsticeScar\Debug\link.11324-cvtres.read.1.tlog
C:\SFML\SolsticeScar\Debug\link.11324-cvtres.write.1.tlog
C:\SFML\SolsticeScar\Debug\link.11380.read.1.tlog
C:\SFML\SolsticeScar\Debug\link.11380.write.1.tlog
C:\SFML\SolsticeScar\Debug\link.11380-cvtres.read.1.tlog
C:\SFML\SolsticeScar\Debug\link.11380-cvtres.write.1.tlog
C:\SFML\SolsticeScar\Debug\link.11556.read.1.tlog
C:\SFML\SolsticeScar\Debug\link.11556.write.1.tlog
C:\SFML\SolsticeScar\Debug\link.11556-cvtres.read.1.tlog
C:\SFML\SolsticeScar\Debug\link.11556-cvtres.write.1.tlog
C:\SFML\SolsticeScar\Debug\link.11944.read.1.tlog
C:\SFML\SolsticeScar\Debug\link.11944.write.1.tlog
C:\SFML\SolsticeScar\Debug\link.11944-cvtres.read.1.tlog
C:\SFML\SolsticeScar\Debug\link.11944-cvtres.write.1.tlog
C:\SFML\SolsticeScar\Debug\link.1204.read.1.tlog
C:\SFML\SolsticeScar\Debug\link.1204.write.1.tlog
C:\SFML\SolsticeScar\Debug\link.1204-cvtres.read.1.tlog
C:\SFML\SolsticeScar\Debug\link.1204-cvtres.write.1.tlog
C:\SFML\SolsticeScar\Debug\link.12140.read.1.tlog
C:\SFML\SolsticeScar\Debug\link.12140.write.1.tlog
C:\SFML\SolsticeScar\Debug\link.12140-cvtres.read.1.tlog
C:\SFML\SolsticeScar\Debug\link.12140-cvtres.write.1.tlog
C:\SFML\SolsticeScar\Debug\link.12260.read.1.tlog
C:\SFML\SolsticeScar\Debug\link.12260.write.1.tlog
C:\SFML\SolsticeScar\Debug\link.12260-cvtres.read.1.tlog
C:\SFML\SolsticeScar\Debug\link.12260-cvtres.write.1.tlog
C:\SFML\SolsticeScar\Debug\link.12388.read.1.tlog
C:\SFML\SolsticeScar\Debug\link.12388.write.1.tlog
C:\SFML\SolsticeScar\Debug\link.12388-cvtres.read.1.tlog
C:\SFML\SolsticeScar\Debug\link.12388-cvtres.write.1.tlog
C:\SFML\SolsticeScar\Debug\link.12428.read.1.tlog
C:\SFML\SolsticeScar\Debug\link.12428.write.1.tlog
C:\SFML\SolsticeScar\Debug\link.12428-cvtres.read.1.tlog
C:\SFML\SolsticeScar\Debug\link.12428-cvtres.write.1.tlog
C:\SFML\SolsticeScar\Debug\link.12560.read.1.tlog
C:\SFML\SolsticeScar\Debug\link.12560.write.1.tlog
C:\SFML\SolsticeScar\Debug\link.12560-cvtres.read.1.tlog
C:\SFML\SolsticeScar\Debug\link.12560-cvtres.write.1.tlog
C:\SFML\SolsticeScar\Debug\link.12576.read.1.tlog
C:\SFML\SolsticeScar\Debug\link.12576.write.1.tlog
C:\SFML\SolsticeScar\Debug\link.12576-cvtres.read.1.tlog
C:\SFML\SolsticeScar\Debug\link.12576-cvtres.write.1.tlog
C:\SFML\SolsticeScar\Debug\link.12644.read.1.tlog
C:\SFML\SolsticeScar\Debug\link.12644.write.1.tlog
C:\SFML\SolsticeScar\Debug\link.12644-cvtres.read.1.tlog
C:\SFML\SolsticeScar\Debug\link.12644-cvtres.write.1.tlog
C:\SFML\SolsticeScar\Debug\link.12672.read.1.tlog
C:\SFML\SolsticeScar\Debug\link.12672.write.1.tlog
C:\SFML\SolsticeScar\Debug\link.12672-cvtres.read.1.tlog
C:\SFML\SolsticeScar\Debug\link.12672-cvtres.write.1.tlog
C:\SFML\SolsticeScar\Debug\link.12800.read.1.tlog
C:\SFML\SolsticeScar\Debug\link.12800.write.1.tlog
C:\SFML\SolsticeScar\Debug\link.12800-cvtres.read.1.tlog
C:\SFML\SolsticeScar\Debug\link.12800-cvtres.write.1.tlog
C:\SFML\SolsticeScar\Debug\link.13220.read.1.tlog
C:\SFML\SolsticeScar\Debug\link.13220.write.1.tlog
C:\SFML\SolsticeScar\Debug\link.13220-cvtres.read.1.tlog
C:\SFML\SolsticeScar\Debug\link.13220-cvtres.write.1.tlog
C:\SFML\SolsticeScar\Debug\link.13268.read.1.tlog
C:\SFML\SolsticeScar\Debug\link.13268.write.1.tlog
C:\SFML\SolsticeScar\Debug\link.13268-cvtres.read.1.tlog
C:\SFML\SolsticeScar\Debug\link.13268-cvtres.write.1.tlog
C:\SFML\SolsticeScar\Debug\link.13320.read.1.tlog
C:\SFML\SolsticeScar\Debug\link.13320.write.1.tlog
C:\SFML\SolsticeScar\Debug\link.13320-cvtres.read.1.tlog
C:\SFML\SolsticeScar\Debug\link.13320-cvtres.write.1.tlog
C:\SFML\SolsticeScar\Debug\link.13408.read.1.tlog
C:\SFML\SolsticeScar\Debug\link.13408.write.1.tlog
C:\SFML\SolsticeScar\Debug\link.13408-cvtres.read.1.tlog
C:\SFML\SolsticeScar\Debug\link.13408-cvtres.write.1.tlog
C:\SFML\SolsticeScar\Debug\link.13572.read.1.tlog
C:\SFML\SolsticeScar\Debug\link.13572.write.1.tlog
C:\SFML\SolsticeScar\Debug\link.13572-cvtres.read.1.tlog
C:\SFML\SolsticeScar\Debug\link.13572-cvtres.write.1.tlog
C:\SFML\SolsticeScar\Debug\link.1368.read.1.tlog
C:\SFML\SolsticeScar\Debug\link.1368.write.1.tlog
C:\SFML\SolsticeScar\Debug\link.1368-cvtres.read.1.tlog
C:\SFML\SolsticeScar\Debug\link.1368-cvtres.write.1.tlog
C:\SFML\SolsticeScar\Debug\link.14144.read.1.tlog
C:\SFML\SolsticeScar\Debug\link.14144.write.1.tlog
C:\SFML\SolsticeScar\Debug\link.14144-cvtres.read.1.tlog
C:\SFML\SolsticeScar\Debug\link.14144-cvtres.write.1.tlog
C:\SFML\SolsticeScar\Debug\link.14204.read.1.tlog
C:\SFML\SolsticeScar\Debug\link.14204.write.1.tlog
C:\SFML\SolsticeScar\Debug\link.14204-cvtres.read.1.tlog
C:\SFML\SolsticeScar\Debug\link.14204-cvtres.write.1.tlog
C:\SFML\SolsticeScar\Debug\link.14216.read.1.tlog
C:\SFML\SolsticeScar\Debug\link.14216.write.1.tlog
C:\SFML\SolsticeScar\Debug\link.14216-cvtres.read.1.tlog
C:\SFML\SolsticeScar\Debug\link.14216-cvtres.write.1.tlog
C:\SFML\SolsticeScar\Debug\link.14244.read.1.tlog
C:\SFML\SolsticeScar\Debug\link.14244.write.1.tlog
C:\SFML\SolsticeScar\Debug\link.14244-cvtres.read.1.tlog
C:\SFML\SolsticeScar\Debug\link.14244-cvtres.write.1.tlog
C:\SFML\SolsticeScar\Debug\link.14504.read.1.tlog
C:\SFML\SolsticeScar\Debug\link.14504.write.1.tlog
C:\SFML\SolsticeScar\Debug\link.14504-cvtres.read.1.tlog
C:\SFML\SolsticeScar\Debug\link.14504-cvtres.write.1.tlog
C:\SFML\SolsticeScar\Debug\link.14708.read.1.tlog
C:\SFML\SolsticeScar\Debug\link.14708.write.1.tlog
C:\SFML\SolsticeScar\Debug\link.14708-cvtres.read.1.tlog
C:\SFML\SolsticeScar\Debug\link.14708-cvtres.write.1.tlog
C:\SFML\SolsticeScar\Debug\link.14808.read.1.tlog
C:\SFML\SolsticeScar\Debug\link.14808.write.1.tlog
C:\SFML\SolsticeScar\Debug\link.14808-cvtres.read.1.tlog
C:\SFML\SolsticeScar\Debug\link.14808-cvtres.write.1.tlog
C:\SFML\SolsticeScar\Debug\link.14956.read.1.tlog
C:\SFML\SolsticeScar\Debug\link.14956.write.1.tlog
C:\SFML\SolsticeScar\Debug\link.14956-cvtres.read.1.tlog
C:\SFML\SolsticeScar\Debug\link.14956-cvtres.write.1.tlog
C:\SFML\SolsticeScar\Debug\link.15092.read.1.tlog
C:\SFML\SolsticeScar\Debug\link.15092.write.1.tlog
C:\SFML\SolsticeScar\Debug\link.15092-cvtres.read.1.tlog
C:\SFML\SolsticeScar\Debug\link.15092-cvtres.write.1.tlog
C:\SFML\SolsticeScar\Debug\link.15348.read.1.tlog
C:\SFML\SolsticeScar\Debug\link.15348.write.1.tlog
C:\SFML\SolsticeScar\Debug\link.15348-cvtres.read.1.tlog
C:\SFML\SolsticeScar\Debug\link.15348-cvtres.write.1.tlog
C:\SFML\SolsticeScar\Debug\link.15860.read.1.tlog
C:\SFML\SolsticeScar\Debug\link.15860.write.1.tlog
C:\SFML\SolsticeScar\Debug\link.15860-cvtres.read.1.tlog
C:\SFML\SolsticeScar\Debug\link.15860-cvtres.write.1.tlog
C:\SFML\SolsticeScar\Debug\link.16336.read.1.tlog
C:\SFML\SolsticeScar\Debug\link.16336.write.1.tlog
C:\SFML\SolsticeScar\Debug\link.16336-cvtres.read.1.tlog
C:\SFML\SolsticeScar\Debug\link.16336-cvtres.write.1.tlog
C:\SFML\SolsticeScar\Debug\link.17120.read.1.tlog
C:\SFML\SolsticeScar\Debug\link.17120.write.1.tlog
C:\SFML\SolsticeScar\Debug\link.17120-cvtres.read.1.tlog
C:\SFML\SolsticeScar\Debug\link.17120-cvtres.write.1.tlog
C:\SFML\SolsticeScar\Debug\link.17376.read.1.tlog
C:\SFML\SolsticeScar\Debug\link.17376.write.1.tlog
C:\SFML\SolsticeScar\Debug\link.17376-cvtres.read.1.tlog
C:\SFML\SolsticeScar\Debug\link.17376-cvtres.write.1.tlog
C:\SFML\SolsticeScar\Debug\link.17644.read.1.tlog
C:\SFML\SolsticeScar\Debug\link.17644.write.1.tlog
C:\SFML\SolsticeScar\Debug\link.17644-cvtres.read.1.tlog
C:\SFML\SolsticeScar\Debug\link.17644-cvtres.write.1.tlog
C:\SFML\SolsticeScar\Debug\link.17840.read.1.tlog
C:\SFML\SolsticeScar\Debug\link.17840.write.1.tlog
C:\SFML\SolsticeScar\Debug\link.17840-cvtres.read.1.tlog
C:\SFML\SolsticeScar\Debug\link.17840-cvtres.write.1.tlog
C:\SFML\SolsticeScar\Debug\link.18508.read.1.tlog
C:\SFML\SolsticeScar\Debug\link.18508.write.1.tlog
C:\SFML\SolsticeScar\Debug\link.18508-cvtres.read.1.tlog
C:\SFML\SolsticeScar\Debug\link.18508-cvtres.write.1.tlog
C:\SFML\SolsticeScar\Debug\link.18740.read.1.tlog
C:\SFML\SolsticeScar\Debug\link.18740.write.1.tlog
C:\SFML\SolsticeScar\Debug\link.18740-cvtres.read.1.tlog
C:\SFML\SolsticeScar\Debug\link.18740-cvtres.write.1.tlog
C:\SFML\SolsticeScar\Debug\link.19016.read.1.tlog
C:\SFML\SolsticeScar\Debug\link.19016.write.1.tlog
C:\SFML\SolsticeScar\Debug\link.19016-cvtres.read.1.tlog
C:\SFML\SolsticeScar\Debug\link.19016-cvtres.write.1.tlog
C:\SFML\SolsticeScar\Debug\link.19112.read.1.tlog
C:\SFML\SolsticeScar\Debug\link.19112.write.1.tlog
C:\SFML\SolsticeScar\Debug\link.19112-cvtres.read.1.tlog
C:\SFML\SolsticeScar\Debug\link.19112-cvtres.write.1.tlog
C:\SFML\SolsticeScar\Debug\link.19356.read.1.tlog
C:\SFML\SolsticeScar\Debug\link.19356.write.1.tlog
C:\SFML\SolsticeScar\Debug\link.19356-cvtres.read.1.tlog
C:\SFML\SolsticeScar\Debug\link.19356-cvtres.write.1.tlog
C:\SFML\SolsticeScar\Debug\link.19644.read.1.tlog
C:\SFML\SolsticeScar\Debug\link.19644.write.1.tlog
C:\SFML\SolsticeScar\Debug\link.19644-cvtres.read.1.tlog
C:\SFML\SolsticeScar\Debug\link.19644-cvtres.write.1.tlog
C:\SFML\SolsticeScar\Debug\link.20124.read.1.tlog
C:\SFML\SolsticeScar\Debug\link.20124.write.1.tlog
C:\SFML\SolsticeScar\Debug\link.20124-cvtres.read.1.tlog
C:\SFML\SolsticeScar\Debug\link.20124-cvtres.write.1.tlog
C:\SFML\SolsticeScar\Debug\link.20160.read.1.tlog
C:\SFML\SolsticeScar\Debug\link.20160.write.1.tlog
C:\SFML\SolsticeScar\Debug\link.20160-cvtres.read.1.tlog
C:\SFML\SolsticeScar\Debug\link.20160-cvtres.write.1.tlog
C:\SFML\SolsticeScar\Debug\link.20552.read.1.tlog
C:\SFML\SolsticeScar\Debug\link.20552.write.1.tlog
C:\SFML\SolsticeScar\Debug\link.20552-cvtres.read.1.tlog
C:\SFML\SolsticeScar\Debug\link.20552-cvtres.write.1.tlog
C:\SFML\SolsticeScar\Debug\link.21064.read.1.tlog
C:\SFML\SolsticeScar\Debug\link.21064.write.1.tlog
C:\SFML\SolsticeScar\Debug\link.21064-cvtres.read.1.tlog
C:\SFML\SolsticeScar\Debug\link.21064-cvtres.write.1.tlog
C:\SFML\SolsticeScar\Debug\link.21236.read.1.tlog
C:\SFML\SolsticeScar\Debug\link.21236.write.1.tlog
C:\SFML\SolsticeScar\Debug\link.21236-cvtres.read.1.tlog
C:\SFML\SolsticeScar\Debug\link.21236-cvtres.write.1.tlog
C:\SFML\SolsticeScar\Debug\link.21508.read.1.tlog
C:\SFML\SolsticeScar\Debug\link.21508.write.1.tlog
C:\SFML\SolsticeScar\Debug\link.21508-cvtres.read.1.tlog
C:\SFML\SolsticeScar\Debug\link.21508-cvtres.write.1.tlog
C:\SFML\SolsticeScar\Debug\link.2152.read.1.tlog
C:\SFML\SolsticeScar\Debug\link.2152.write.1.tlog
C:\SFML\SolsticeScar\Debug\link.2152-cvtres.read.1.tlog
C:\SFML\SolsticeScar\Debug\link.2152-cvtres.write.1.tlog
C:\SFML\SolsticeScar\Debug\link.22136.read.1.tlog
C:\SFML\SolsticeScar\Debug\link.22136.write.1.tlog
C:\SFML\SolsticeScar\Debug\link.22136-cvtres.read.1.tlog
C:\SFML\SolsticeScar\Debug\link.22136-cvtres.write.1.tlog
C:\SFML\SolsticeScar\Debug\link.22536.read.1.tlog
C:\SFML\SolsticeScar\Debug\link.22536.write.1.tlog
C:\SFML\SolsticeScar\Debug\link.22536-cvtres.read.1.tlog
C:\SFML\SolsticeScar\Debug\link.22536-cvtres.write.1.tlog
C:\SFML\SolsticeScar\Debug\link.22728.read.1.tlog
C:\SFML\SolsticeScar\Debug\link.22728.write.1.tlog
C:\SFML\SolsticeScar\Debug\link.22728-cvtres.read.1.tlog
C:\SFML\SolsticeScar\Debug\link.22728-cvtres.write.1.tlog
C:\SFML\SolsticeScar\Debug\link.22860.read.1.tlog
C:\SFML\SolsticeScar\Debug\link.22860.write.1.tlog
C:\SFML\SolsticeScar\Debug\link.22860-cvtres.read.1.tlog
C:\SFML\SolsticeScar\Debug\link.22860-cvtres.write.1.tlog
C:\SFML\SolsticeScar\Debug\link.22980.read.1.tlog
C:\SFML\SolsticeScar\Debug\link.22980.write.1.tlog
C:\SFML\SolsticeScar\Debug\link.22980-cvtres.read.1.tlog
C:\SFML\SolsticeScar\Debug\link.22980-cvtres.write.1.tlog
C:\SFML\SolsticeScar\Debug\link.2332.read.1.tlog
C:\SFML\SolsticeScar\Debug\link.2332.write.1.tlog
C:\SFML\SolsticeScar\Debug\link.2332-cvtres.read.1.tlog
C:\SFML\SolsticeScar\Debug\link.2332-cvtres.write.1.tlog
C:\SFML\SolsticeScar\Debug\link.24124.read.1.tlog
C:\SFML\SolsticeScar\Debug\link.24124.write.1.tlog
C:\SFML\SolsticeScar\Debug\link.24124-cvtres.read.1.tlog
C:\SFML\SolsticeScar\Debug\link.24124-cvtres.write.1.tlog
C:\SFML\SolsticeScar\Debug\link.2464.read.1.tlog
C:\SFML\SolsticeScar\Debug\link.2464.write.1.tlog
C:\SFML\SolsticeScar\Debug\link.2464-cvtres.read.1.tlog
C:\SFML\SolsticeScar\Debug\link.2464-cvtres.write.1.tlog
C:\SFML\SolsticeScar\Debug\link.25400.read.1.tlog
C:\SFML\SolsticeScar\Debug\link.25400.write.1.tlog
C:\SFML\SolsticeScar\Debug\link.25400-cvtres.read.1.tlog
C:\SFML\SolsticeScar\Debug\link.25400-cvtres.write.1.tlog
C:\SFML\SolsticeScar\Debug\link.26152.read.1.tlog
C:\SFML\SolsticeScar\Debug\link.26152.write.1.tlog
C:\SFML\SolsticeScar\Debug\link.26152-cvtres.read.1.tlog
C:\SFML\SolsticeScar\Debug\link.26152-cvtres.write.1.tlog
C:\SFML\SolsticeScar\Debug\link.26240.read.1.tlog
C:\SFML\SolsticeScar\Debug\link.26240.write.1.tlog
C:\SFML\SolsticeScar\Debug\link.26240-cvtres.read.1.tlog
C:\SFML\SolsticeScar\Debug\link.26240-cvtres.write.1.tlog
C:\SFML\SolsticeScar\Debug\link.2636.read.1.tlog
C:\SFML\SolsticeScar\Debug\link.2636.write.1.tlog
C:\SFML\SolsticeScar\Debug\link.2636-cvtres.read.1.tlog
C:\SFML\SolsticeScar\Debug\link.2636-cvtres.write.1.tlog
C:\SFML\SolsticeScar\Debug\link.26908.read.1.tlog
C:\SFML\SolsticeScar\Debug\link.26908.write.1.tlog
C:\SFML\SolsticeScar\Debug\link.26908-cvtres.read.1.tlog
C:\SFML\SolsticeScar\Debug\link.26908-cvtres.write.1.tlog
C:\SFML\SolsticeScar\Debug\link.27076.read.1.tlog
C:\SFML\SolsticeScar\Debug\link.27076.write.1.tlog
C:\SFML\SolsticeScar\Debug\link.27076-cvtres.read.1.tlog
C:\SFML\SolsticeScar\Debug\link.27076-cvtres.write.1.tlog
C:\SFML\SolsticeScar\Debug\link.27368.read.1.tlog
C:\SFML\SolsticeScar\Debug\link.27368.write.1.tlog
C:\SFML\SolsticeScar\Debug\link.27368-cvtres.read.1.tlog
C:\SFML\SolsticeScar\Debug\link.27368-cvtres.write.1.tlog
C:\SFML\SolsticeScar\Debug\link.27860.read.1.tlog
C:\SFML\SolsticeScar\Debug\link.27860.write.1.tlog
C:\SFML\SolsticeScar\Debug\link.27860-cvtres.read.1.tlog
C:\SFML\SolsticeScar\Debug\link.27860-cvtres.write.1.tlog
C:\SFML\SolsticeScar\Debug\link.2788.read.1.tlog
C:\SFML\SolsticeScar\Debug\link.2788.write.1.tlog
C:\SFML\SolsticeScar\Debug\link.2788-cvtres.read.1.tlog
C:\SFML\SolsticeScar\Debug\link.2788-cvtres.write.1.tlog
C:\SFML\SolsticeScar\Debug\link.2920.read.1.tlog
C:\SFML\SolsticeScar\Debug\link.2920.write.1.tlog
C:\SFML\SolsticeScar\Debug\link.2920-cvtres.read.1.tlog
C:\SFML\SolsticeScar\Debug\link.2920-cvtres.write.1.tlog
C:\SFML\SolsticeScar\Debug\link.2936.read.1.tlog
C:\SFML\SolsticeScar\Debug\link.2936.write.1.tlog
C:\SFML\SolsticeScar\Debug\link.2936-cvtres.read.1.tlog
C:\SFML\SolsticeScar\Debug\link.2936-cvtres.write.1.tlog
C:\SFML\SolsticeScar\Debug\link.324.read.1.tlog
C:\SFML\SolsticeScar\Debug\link.324.write.1.tlog
C:\SFML\SolsticeScar\Debug\link.3240.read.1.tlog
C:\SFML\SolsticeScar\Debug\link.3240.write.1.tlog
C:\SFML\SolsticeScar\Debug\link.3240-cvtres.read.1.tlog
C:\SFML\SolsticeScar\Debug\link.3240-cvtres.write.1.tlog
C:\SFML\SolsticeScar\Debug\link.324-cvtres.read.1.tlog
C:\SFML\SolsticeScar\Debug\link.324-cvtres.write.1.tlog
C:\SFML\SolsticeScar\Debug\link.3256.read.1.tlog
C:\SFML\SolsticeScar\Debug\link.3256.write.1.tlog
C:\SFML\SolsticeScar\Debug\link.3256-cvtres.read.1.tlog
C:\SFML\SolsticeScar\Debug\link.3256-cvtres.write.1.tlog
C:\SFML\SolsticeScar\Debug\link.3308.read.1.tlog
C:\SFML\SolsticeScar\Debug\link.3308.write.1.tlog
C:\SFML\SolsticeScar\Debug\link.3308-cvtres.read.1.tlog
C:\SFML\SolsticeScar\Debug\link.3308-cvtres.write.1.tlog
C:\SFML\SolsticeScar\Debug\link.3352.read.1.tlog
C:\SFML\SolsticeScar\Debug\link.3352.write.1.tlog
C:\SFML\SolsticeScar\Debug\link.3352-cvtres.read.1.tlog
C:\SFML\SolsticeScar\Debug\link.3352-cvtres.write.1.tlog
C:\SFML\SolsticeScar\Debug\link.4112.read.1.tlog
C:\SFML\SolsticeScar\Debug\link.4112.write.1.tlog
C:\SFML\SolsticeScar\Debug\link.4112-cvtres.read.1.tlog
C:\SFML\SolsticeScar\Debug\link.4112-cvtres.write.1.tlog
C:\SFML\SolsticeScar\Debug\link.4164.read.1.tlog
C:\SFML\SolsticeScar\Debug\link.4164.write.1.tlog
C:\SFML\SolsticeScar\Debug\link.4164-cvtres.read.1.tlog
C:\SFML\SolsticeScar\Debug\link.4164-cvtres.write.1.tlog
C:\SFML\SolsticeScar\Debug\link.4256.read.1.tlog
C:\SFML\SolsticeScar\Debug\link.4256.write.1.tlog
C:\SFML\SolsticeScar\Debug\link.4256-cvtres.read.1.tlog
C:\SFML\SolsticeScar\Debug\link.4256-cvtres.write.1.tlog
C:\SFML\SolsticeScar\Debug\link.4276.read.1.tlog
C:\SFML\SolsticeScar\Debug\link.4276.write.1.tlog
C:\SFML\SolsticeScar\Debug\link.4276-cvtres.read.1.tlog
C:\SFML\SolsticeScar\Debug\link.4276-cvtres.write.1.tlog
C:\SFML\SolsticeScar\Debug\link.4364.read.1.tlog
C:\SFML\SolsticeScar\Debug\link.4364.write.1.tlog
C:\SFML\SolsticeScar\Debug\link.4364-cvtres.read.1.tlog
C:\SFML\SolsticeScar\Debug\link.4364-cvtres.write.1.tlog
C:\SFML\SolsticeScar\Debug\link.4484.read.1.tlog
C:\SFML\SolsticeScar\Debug\link.4484.write.1.tlog
C:\SFML\SolsticeScar\Debug\link.4484-cvtres.read.1.tlog
C:\SFML\SolsticeScar\Debug\link.4484-cvtres.write.1.tlog
C:\SFML\SolsticeScar\Debug\link.4804.read.1.tlog
C:\SFML\SolsticeScar\Debug\link.4804.write.1.tlog
C:\SFML\SolsticeScar\Debug\link.4804-cvtres.read.1.tlog
C:\SFML\SolsticeScar\Debug\link.4804-cvtres.write.1.tlog
C:\SFML\SolsticeScar\Debug\link.4880.read.1.tlog
C:\SFML\SolsticeScar\Debug\link.4880.write.1.tlog
C:\SFML\SolsticeScar\Debug\link.4880-cvtres.read.1.tlog
C:\SFML\SolsticeScar\Debug\link.4880-cvtres.write.1.tlog
C:\SFML\SolsticeScar\Debug\link.4932.read.1.tlog
C:\SFML\SolsticeScar\Debug\link.4932.write.1.tlog
C:\SFML\SolsticeScar\Debug\link.4932-cvtres.read.1.tlog
C:\SFML\SolsticeScar\Debug\link.4932-cvtres.write.1.tlog
C:\SFML\SolsticeScar\Debug\link.5072.read.1.tlog
C:\SFML\SolsticeScar\Debug\link.5072.write.1.tlog
C:\SFML\SolsticeScar\Debug\link.5072-cvtres.read.1.tlog
C:\SFML\SolsticeScar\Debug\link.5072-cvtres.write.1.tlog
C:\SFML\SolsticeScar\Debug\link.5184.read.1.tlog
C:\SFML\SolsticeScar\Debug\link.5184.write.1.tlog
C:\SFML\SolsticeScar\Debug\link.5184-cvtres.read.1.tlog
C:\SFML\SolsticeScar\Debug\link.5184-cvtres.write.1.tlog
C:\SFML\SolsticeScar\Debug\link.5308.read.1.tlog
C:\SFML\SolsticeScar\Debug\link.5308.write.1.tlog
C:\SFML\SolsticeScar\Debug\link.5308-cvtres.read.1.tlog
C:\SFML\SolsticeScar\Debug\link.5308-cvtres.write.1.tlog
C:\SFML\SolsticeScar\Debug\link.5488.read.1.tlog
C:\SFML\SolsticeScar\Debug\link.5488.write.1.tlog
C:\SFML\SolsticeScar\Debug\link.5488-cvtres.read.1.tlog
C:\SFML\SolsticeScar\Debug\link.5488-cvtres.write.1.tlog
C:\SFML\SolsticeScar\Debug\link.5764.read.1.tlog
C:\SFML\SolsticeScar\Debug\link.5764.write.1.tlog
C:\SFML\SolsticeScar\Debug\link.5764-cvtres.read.1.tlog
C:\SFML\SolsticeScar\Debug\link.5764-cvtres.write.1.tlog
C:\SFML\SolsticeScar\Debug\link.5928.read.1.tlog
C:\SFML\SolsticeScar\Debug\link.5928.write.1.tlog
C:\SFML\SolsticeScar\Debug\link.5928-cvtres.read.1.tlog
C:\SFML\SolsticeScar\Debug\link.5928-cvtres.write.1.tlog
C:\SFML\SolsticeScar\Debug\link.5968.read.1.tlog
C:\SFML\SolsticeScar\Debug\link.5968.write.1.tlog
C:\SFML\SolsticeScar\Debug\link.5968-cvtres.read.1.tlog
C:\SFML\SolsticeScar\Debug\link.5968-cvtres.write.1.tlog
C:\SFML\SolsticeScar\Debug\link.6180.read.1.tlog
C:\SFML\SolsticeScar\Debug\link.6180.write.1.tlog
C:\SFML\SolsticeScar\Debug\link.6180-cvtres.read.1.tlog
C:\SFML\SolsticeScar\Debug\link.6180-cvtres.write.1.tlog
C:\SFML\SolsticeScar\Debug\link.6196.read.1.tlog
C:\SFML\SolsticeScar\Debug\link.6196.write.1.tlog
C:\SFML\SolsticeScar\Debug\link.6196-cvtres.read.1.tlog
C:\SFML\SolsticeScar\Debug\link.6196-cvtres.write.1.tlog
C:\SFML\SolsticeScar\Debug\link.6460.read.1.tlog
C:\SFML\SolsticeScar\Debug\link.6460.write.1.tlog
C:\SFML\SolsticeScar\Debug\link.6460-cvtres.read.1.tlog
C:\SFML\SolsticeScar\Debug\link.6460-cvtres.write.1.tlog
C:\SFML\SolsticeScar\Debug\link.7320.read.1.tlog
C:\SFML\SolsticeScar\Debug\link.7320.write.1.tlog
C:\SFML\SolsticeScar\Debug\link.7320-cvtres.read.1.tlog
C:\SFML\SolsticeScar\Debug\link.7320-cvtres.write.1.tlog
C:\SFML\SolsticeScar\Debug\link.7360.read.1.tlog
C:\SFML\SolsticeScar\Debug\link.7360.write.1.tlog
C:\SFML\SolsticeScar\Debug\link.7360-cvtres.read.1.tlog
C:\SFML\SolsticeScar\Debug\link.7360-cvtres.write.1.tlog
C:\SFML\SolsticeScar\Debug\link.7460.read.1.tlog
C:\SFML\SolsticeScar\Debug\link.7460.write.1.tlog
C:\SFML\SolsticeScar\Debug\link.7460-cvtres.read.1.tlog
C:\SFML\SolsticeScar\Debug\link.7460-cvtres.write.1.tlog
C:\SFML\SolsticeScar\Debug\link.7516.read.1.tlog
C:\SFML\SolsticeScar\Debug\link.7516.write.1.tlog
C:\SFML\SolsticeScar\Debug\link.7516-cvtres.read.1.tlog
C:\SFML\SolsticeScar\Debug\link.7516-cvtres.write.1.tlog
C:\SFML\SolsticeScar\Debug\link.7672.read.1.tlog
C:\SFML\SolsticeScar\Debug\link.7672.write.1.tlog
C:\SFML\SolsticeScar\Debug\link.7672-cvtres.read.1.tlog
C:\SFML\SolsticeScar\Debug\link.7672-cvtres.write.1.tlog
C:\SFML\SolsticeScar\Debug\link.7868.read.1.tlog
C:\SFML\SolsticeScar\Debug\link.7868.write.1.tlog
C:\SFML\SolsticeScar\Debug\link.7868-cvtres.read.1.tlog
C:\SFML\SolsticeScar\Debug\link.7868-cvtres.write.1.tlog
C:\SFML\SolsticeScar\Debug\link.8112.read.1.tlog
C:\SFML\SolsticeScar\Debug\link.8112.write.1.tlog
C:\SFML\SolsticeScar\Debug\link.8112-cvtres.read.1.tlog
C:\SFML\SolsticeScar\Debug\link.8112-cvtres.write.1.tlog
C:\SFML\SolsticeScar\Debug\link.8260.read.1.tlog
C:\SFML\SolsticeScar\Debug\link.8260.write.1.tlog
C:\SFML\SolsticeScar\Debug\link.8260-cvtres.read.1.tlog
C:\SFML\SolsticeScar\Debug\link.8260-cvtres.write.1.tlog
C:\SFML\SolsticeScar\Debug\link.8268.read.1.tlog
C:\SFML\SolsticeScar\Debug\link.8268.write.1.tlog
C:\SFML\SolsticeScar\Debug\link.8268-cvtres.read.1.tlog
C:\SFML\SolsticeScar\Debug\link.8268-cvtres.write.1.tlog
C:\SFML\SolsticeScar\Debug\link.8872.read.1.tlog
C:\SFML\SolsticeScar\Debug\link.8872.write.1.tlog
C:\SFML\SolsticeScar\Debug\link.8872-cvtres.read.1.tlog
C:\SFML\SolsticeScar\Debug\link.8872-cvtres.write.1.tlog
C:\SFML\SolsticeScar\Debug\link.9100.read.1.tlog
C:\SFML\SolsticeScar\Debug\link.9100.write.1.tlog
C:\SFML\SolsticeScar\Debug\link.9100-cvtres.read.1.tlog
C:\SFML\SolsticeScar\Debug\link.9100-cvtres.write.1.tlog
C:\SFML\SolsticeScar\Debug\link.9236.read.1.tlog
C:\SFML\SolsticeScar\Debug\link.9236.write.1.tlog
C:\SFML\SolsticeScar\Debug\link.9236-cvtres.read.1.tlog
C:\SFML\SolsticeScar\Debug\link.9236-cvtres.write.1.tlog
C:\SFML\SolsticeScar\Debug\link.9400.read.1.tlog
C:\SFML\SolsticeScar\Debug\link.9400.write.1.tlog
C:\SFML\SolsticeScar\Debug\link.9400-cvtres.read.1.tlog
C:\SFML\SolsticeScar\Debug\link.9400-cvtres.write.1.tlog
C:\SFML\SolsticeScar\Debug\link.9416.read.1.tlog
C:\SFML\SolsticeScar\Debug\link.9416.write.1.tlog
C:\SFML\SolsticeScar\Debug\link.9416-cvtres.read.1.tlog
C:\SFML\SolsticeScar\Debug\link.9416-cvtres.write.1.tlog
C:\SFML\SolsticeScar\Debug\link.9612.read.1.tlog
C:\SFML\SolsticeScar\Debug\link.9612.write.1.tlog
C:\SFML\SolsticeScar\Debug\link.9612-cvtres.read.1.tlog
C:\SFML\SolsticeScar\Debug\link.9612-cvtres.write.1.tlog
C:\SFML\SolsticeScar\Debug\link.9696.read.1.tlog
C:\SFML\SolsticeScar\Debug\link.9696.write.1.tlog
C:\SFML\SolsticeScar\Debug\link.9696-cvtres.read.1.tlog
C:\SFML\SolsticeScar\Debug\link.9696-cvtres.write.1.tlog
C:\SFML\SolsticeScar\Debug\link.9776.read.1.tlog
C:\SFML\SolsticeScar\Debug\link.9776.write.1.tlog
C:\SFML\SolsticeScar\Debug\link.9776-cvtres.read.1.tlog
C:\SFML\SolsticeScar\Debug\link.9776-cvtres.write.1.tlog
C:\SFML\SolsticeScar\Debug\link.9872.read.1.tlog
C:\SFML\SolsticeScar\Debug\link.9872.write.1.tlog
C:\SFML\SolsticeScar\Debug\link.9872-cvtres.read.1.tlog
C:\SFML\SolsticeScar\Debug\link.9872-cvtres.write.1.tlog
C:\SFML\SolsticeScar\Debug\link.9932.read.1.tlog
C:\SFML\SolsticeScar\Debug\link.9932.write.1.tlog
C:\SFML\SolsticeScar\Debug\link.9932-cvtres.read.1.tlog
C:\SFML\SolsticeScar\Debug\link.9932-cvtres.write.1.tlog
C:\SFML\SolsticeScar\Debug\link.9996.read.1.tlog
C:\SFML\SolsticeScar\Debug\link.9996.write.1.tlog
C:\SFML\SolsticeScar\Debug\link.9996-cvtres.read.1.tlog
C:\SFML\SolsticeScar\Debug\link.9996-cvtres.write.1.tlog
C:\SFML\SolsticeScar\Debug\link.command.1.tlog
C:\SFML\SolsticeScar\Debug\link.read.1.tlog
C:\SFML\SolsticeScar\Debug\link.write.1.tlog
C:\SFML\SolsticeScar\Debug\link-cvtres.read.1.tlog
C:\SFML\SolsticeScar\Debug\link-cvtres.write.1.tlog
C:\SFML\SolsticeScar\Debug\LogicComponent.obj
C:\SFML\SolsticeScar\Debug\main.obj
C:\SFML\SolsticeScar\Debug\mt.command.1.tlog
C:\SFML\SolsticeScar\Debug\mt.read.1.tlog
C:\SFML\SolsticeScar\Debug\mt.write.1.tlog
C:\SFML\SolsticeScar\Debug\MusicPlayer.obj
C:\SFML\SolsticeScar\Debug\NinjaBoxCollider.obj
C:\SFML\SolsticeScar\Debug\NinjaGameObject.obj
C:\SFML\SolsticeScar\Debug\NinjaInput.obj
C:\SFML\SolsticeScar\Debug\NinjaLogic.obj
C:\SFML\SolsticeScar\Debug\NinjaRender.obj
C:\SFML\SolsticeScar\Debug\NinjaSlashBoxCollider.obj
C:\SFML\SolsticeScar\Debug\NinjaSlashBoxLogic.obj
C:\SFML\SolsticeScar\Debug\ParryEffectLogic.obj
C:\SFML\SolsticeScar\Debug\PauseScene.obj
C:\SFML\SolsticeScar\Debug\PlayerBoxCollider.obj
C:\SFML\SolsticeScar\Debug\PlayerInput.obj
C:\SFML\SolsticeScar\Debug\PlayerLogic.obj
C:\SFML\SolsticeScar\Debug\PlayerRender.obj
C:\SFML\SolsticeScar\Debug\PlayerState.obj
C:\SFML\SolsticeScar\Debug\rc.command.1.tlog
C:\SFML\SolsticeScar\Debug\rc.read.1.tlog
C:\SFML\SolsticeScar\Debug\rc.write.1.tlog
C:\SFML\SolsticeScar\Debug\RenderComponent.obj
C:\SFML\SolsticeScar\Debug\RunningState.obj
C:\SFML\SolsticeScar\Debug\RyobeAttackBoxLogic.obj
C:\SFML\SolsticeScar\Debug\RyobeBoxCollider.obj
C:\SFML\SolsticeScar\Debug\RyobeGameObject.obj
C:\SFML\SolsticeScar\Debug\RyobeLogic.obj
C:\SFML\SolsticeScar\Debug\RyobeRender.obj
C:\SFML\SolsticeScar\Debug\Scene.obj
C:\SFML\SolsticeScar\Debug\SceneStack.obj
C:\SFML\SolsticeScar\Debug\SlashBoxBoxCollider.obj
C:\SFML\SolsticeScar\Debug\SlashBoxLogic.obj
C:\SFML\SolsticeScar\Debug\SoundEffectLogic.obj
C:\SFML\SolsticeScar\Debug\SoundPlayer.obj
C:\SFML\SolsticeScar\Debug\SpriteAnim.obj
C:\SFML\SolsticeScar\Debug\StandingState.obj
C:\SFML\SolsticeScar\Debug\System.obj
C:\SFML\SolsticeScar\Debug\SystemSoundPlayer.obj
C:\SFML\SolsticeScar\Debug\TileMap.exe.embed.manifest
C:\SFML\SolsticeScar\Debug\TileMap.exe.embed.manifest.res
C:\SFML\SolsticeScar\Debug\TileMap.exe.intermediate.manifest
C:\SFML\SolsticeScar\Debug\TileMap.ilk
C:\SFML\SolsticeScar\Debug\TileMap.pdb
C:\SFML\SolsticeScar\Debug\TileMap.vcxprojResolveAssemblyReference.cache
C:\SFML\SolsticeScar\Debug\TileMap.write.1.tlog
C:\SFML\SolsticeScar\Debug\TileMap_manifest.rc
C:\SFML\SolsticeScar\Debug\TitleScene.obj
C:\SFML\SolsticeScar\Debug\TransformComponent.obj
C:\SFML\SolsticeScar\Debug\vc100.idb
C:\SFML\SolsticeScar\Debug\vc100.pdb
C:\SFML\SolsticeScar\Debug\WinState.obj
C:\SFML\SolsticeScar\Debug\World.obj
C:\SFML\TILEMAP\DEBUG\ATTACKBLOCKEDAIRSTATE.OBJ
C:\SFML\TILEMAP\DEBUG\ATTACKBLOCKEDSTATE.OBJ
C:\SFML\TILEMAP\DEBUG\ATTACKSTATE.OBJ
C:\SFML\TILEMAP\DEBUG\ATTACKSTATEAIR.OBJ
C:\SFML\TILEMAP\DEBUG\ATTACKTYPE.OBJ
C:\SFML\TILEMAP\DEBUG\BACKGROUNDGAMEOBJECT.OBJ
C:\SFML\TILEMAP\DEBUG\BATTLEREADYSTATE.OBJ
C:\SFML\TILEMAP\DEBUG\BLOODANIMATIONLOGIC.OBJ
C:\SFML\TILEMAP\DEBUG\BOXCOLLIDERCOMPONENT.OBJ
C:\SFML\TILEMAP\DEBUG\COMPONENT.OBJ
C:\SFML\TILEMAP\DEBUG\CSTATE.OBJ
C:\SFML\TILEMAP\DEBUG\CSTATENINJAATTACKING.OBJ
C:\SFML\TILEMAP\DEBUG\CSTATENINJADEAD.OBJ
C:\SFML\TILEMAP\DEBUG\CSTATENINJADEADAIR.OBJ
C:\SFML\TILEMAP\DEBUG\CSTATENINJAHIT.OBJ
C:\SFML\TILEMAP\DEBUG\CSTATENINJAHITAIR.OBJ
C:\SFML\TILEMAP\DEBUG\CSTATENINJAJUMPING.OBJ
C:\SFML\TILEMAP\DEBUG\CSTATENINJARUNNING.OBJ
C:\SFML\TILEMAP\DEBUG\CSTATENINJASTANDING.OBJ
C:\SFML\TILEMAP\DEBUG\CSTATERYOBEATTACKING.OBJ
C:\SFML\TILEMAP\DEBUG\CSTATERYOBEATTACKPUNCH.OBJ
C:\SFML\TILEMAP\DEBUG\CSTATERYOBEBATTLEENTRANCE.OBJ
C:\SFML\TILEMAP\DEBUG\CSTATERYOBEBLOCKING.OBJ
C:\SFML\TILEMAP\DEBUG\CSTATERYOBEDEAD.OBJ
C:\SFML\TILEMAP\DEBUG\CSTATERYOBESTANDING.OBJ
C:\SFML\TILEMAP\DEBUG\CSTATERYOBEWALKING.OBJ
C:\SFML\TILEMAP\DEBUG\DAGGERLOGIC.OBJ
C:\SFML\TILEMAP\DEBUG\DAZEDSTATE.OBJ
C:\SFML\TILEMAP\DEBUG\DEADAIRSTATE.OBJ
C:\SFML\TILEMAP\DEBUG\FALLINGSTATE.OBJ
C:\SFML\TILEMAP\DEBUG\GAME.OBJ
C:\SFML\TILEMAP\DEBUG\GAMEOBJECT.OBJ
C:\SFML\TILEMAP\DEBUG\GAMEOBJECTMANAGER.OBJ
C:\SFML\TILEMAP\DEBUG\GAMESCENE.OBJ
C:\SFML\TILEMAP\DEBUG\GRID.OBJ
C:\SFML\TILEMAP\DEBUG\GUARDSTATE.OBJ
C:\SFML\TILEMAP\DEBUG\GUIREDORBLOGIC.OBJ
C:\SFML\TILEMAP\DEBUG\GUIREDORBRENDER.OBJ
C:\SFML\TILEMAP\DEBUG\HEALTHBARLOGIC.OBJ
C:\SFML\TILEMAP\DEBUG\HITAIRSTATE.OBJ
C:\SFML\TILEMAP\DEBUG\HITSTATE.OBJ
C:\SFML\TILEMAP\DEBUG\INPUTCOMPONENT.OBJ
C:\SFML\TILEMAP\DEBUG\ITEMGAMEOBJECT.OBJ
C:\SFML\TILEMAP\DEBUG\ITEMLOGIC.OBJ
C:\SFML\TILEMAP\DEBUG\JUMPINGSTATE.OBJ
C:\SFML\TILEMAP\DEBUG\KNOCKOUTSTATE.OBJ
C:\SFML\TILEMAP\DEBUG\LOGICCOMPONENT.OBJ
C:\SFML\TILEMAP\DEBUG\MAIN.OBJ
C:\SFML\TILEMAP\DEBUG\MUSICPLAYER.OBJ
C:\SFML\TILEMAP\DEBUG\NINJABOXCOLLIDER.OBJ
C:\SFML\TILEMAP\DEBUG\NINJAGAMEOBJECT.OBJ
C:\SFML\TILEMAP\DEBUG\NINJAINPUT.OBJ
C:\SFML\TILEMAP\DEBUG\NINJALOGIC.OBJ
C:\SFML\TILEMAP\DEBUG\NINJARENDER.OBJ
C:\SFML\TILEMAP\DEBUG\NINJASLASHBOXCOLLIDER.OBJ
C:\SFML\TILEMAP\DEBUG\NINJASLASHBOXLOGIC.OBJ
C:\SFML\TILEMAP\DEBUG\PARRYEFFECTLOGIC.OBJ
C:\SFML\TILEMAP\DEBUG\PAUSESCENE.OBJ
C:\SFML\TILEMAP\DEBUG\PLAYERBOXCOLLIDER.OBJ
C:\SFML\TILEMAP\DEBUG\PLAYERINPUT.OBJ
C:\SFML\TILEMAP\DEBUG\PLAYERLOGIC.OBJ
C:\SFML\TILEMAP\DEBUG\PLAYERRENDER.OBJ
C:\SFML\TILEMAP\DEBUG\PLAYERSTATE.OBJ
C:\SFML\TILEMAP\DEBUG\RENDERCOMPONENT.OBJ
C:\SFML\TILEMAP\DEBUG\RUNNINGSTATE.OBJ
C:\SFML\TILEMAP\DEBUG\RYOBEATTACKBOXLOGIC.OBJ
C:\SFML\TILEMAP\DEBUG\RYOBEBOXCOLLIDER.OBJ
C:\SFML\TILEMAP\DEBUG\RYOBEGAMEOBJECT.OBJ
C:\SFML\TILEMAP\DEBUG\RYOBELOGIC.OBJ
C:\SFML\TILEMAP\DEBUG\RYOBERENDER.OBJ
C:\SFML\TILEMAP\DEBUG\SCENE.OBJ
C:\SFML\TILEMAP\DEBUG\SCENESTACK.OBJ
C:\SFML\TILEMAP\DEBUG\SLASHBOXBOXCOLLIDER.OBJ
C:\SFML\TILEMAP\DEBUG\SLASHBOXLOGIC.OBJ
C:\SFML\TILEMAP\DEBUG\SOUNDEFFECTLOGIC.OBJ
C:\SFML\TILEMAP\DEBUG\SOUNDPLAYER.OBJ
C:\SFML\TILEMAP\DEBUG\SPRITEANIM.OBJ
C:\SFML\TILEMAP\DEBUG\STANDINGSTATE.OBJ
C:\SFML\TILEMAP\DEBUG\SYSTEM.OBJ
C:\SFML\TILEMAP\DEBUG\SYSTEMSOUNDPLAYER.OBJ
C:\SFML\TILEMAP\DEBUG\TILEMAP.EXE
C:\SFML\TILEMAP\DEBUG\TILEMAP.EXE.EMBED.MANIFEST
C:\SFML\TILEMAP\DEBUG\TILEMAP.EXE.EMBED.MANIFEST.RES
C:\SFML\TILEMAP\DEBUG\TILEMAP.EXE.INTERMEDIATE.MANIFEST
C:\SFML\TILEMAP\DEBUG\TILEMAP.ILK
C:\SFML\TILEMAP\DEBUG\TILEMAP.PDB
C:\SFML\TILEMAP\DEBUG\TITLESCENE.OBJ
C:\SFML\TILEMAP\DEBUG\TRANSFORMCOMPONENT.OBJ
C:\SFML\TILEMAP\DEBUG\VC100.PDB
C:\SFML\TILEMAP\DEBUG\WINSTATE.OBJ
C:\SFML\TILEMAP\DEBUG\WORLD.OBJ
C:\USERS\FATALFARROW\APPDATA\LOCAL\MICROSOFT\WINDOWS\WER\REPORTARCHIVE\APPCRASH_CL.EXE_848A6C5A87EDEC9E9E5BB1D2FCA5EF0CBB03FAC_23428BB0\REPORT.WER
