Build started 4/10/2015 7:56:03 PM.
     1>Project "D:\SFML\SolsticeScar\TileMap.vcxproj" on node 2 (build target(s)).
     1>InitializeBuildStatus:
         Creating "Debug\SolsticeScar.unsuccessfulbuild" because "AlwaysCreate" was specified.
       ClCompile:
         C:\Program Files (x86)\Microsoft Visual Studio 10.0\VC\bin\CL.exe /c /I"D:\SFML\New\SFML-2.0\include" /ZI /nologo /W3 /WX- /Od /Oy- /D WIN32 /D _DEBUG /D _CONSOLE /D _UNICODE /D UNICODE /Gm /EHsc /RTC1 /MDd /GS /fp:precise /Zc:wchar_t /Zc:forScope /Fo"Debug\\" /Fd"Debug\vc100.pdb" /Gd /TP /analyze- /errorReport:prompt CStateNinjaHitDraggedState.cpp PlayerRender.cpp
         PlayerRender.cpp
     1>d:\sfml\solsticescar\playerrender.cpp(25): warning C4305: 'argument' : truncation from 'double' to 'float'
     1>d:\sfml\solsticescar\playerrender.cpp(26): warning C4305: 'argument' : truncation from 'double' to 'float'
     1>d:\sfml\solsticescar\playerrender.cpp(27): warning C4305: 'argument' : truncation from 'double' to 'float'
     1>d:\sfml\solsticescar\playerrender.cpp(36): warning C4305: 'argument' : truncation from 'double' to 'float'
     1>d:\sfml\solsticescar\playerrender.cpp(37): warning C4305: 'argument' : truncation from 'double' to 'float'
     1>d:\sfml\solsticescar\playerrender.cpp(39): warning C4305: 'argument' : truncation from 'double' to 'float'
     1>d:\sfml\solsticescar\playerrender.cpp(40): warning C4305: 'argument' : truncation from 'double' to 'float'
     1>d:\sfml\solsticescar\playerrender.cpp(41): warning C4305: 'argument' : truncation from 'double' to 'float'
     1>d:\sfml\solsticescar\playerrender.cpp(42): warning C4305: 'argument' : truncation from 'double' to 'float'
     1>d:\sfml\solsticescar\playerrender.cpp(44): warning C4305: 'argument' : truncation from 'double' to 'float'
     1>d:\sfml\solsticescar\playerrender.cpp(53): warning C4305: 'argument' : truncation from 'double' to 'float'
     1>d:\sfml\solsticescar\playerrender.cpp(72): warning C4305: 'argument' : truncation from 'double' to 'float'
     1>d:\sfml\solsticescar\playerrender.cpp(75): warning C4305: 'argument' : truncation from 'double' to 'float'
         CStateNinjaHitDraggedState.cpp
     1>d:\sfml\solsticescar\cstateninjahitdraggedstate.cpp(13): warning C4244: 'initializing' : conversion from 'const float' to 'int', possible loss of data
     1>d:\sfml\solsticescar\cstateninjahitdraggedstate.cpp(14): warning C4244: 'initializing' : conversion from 'const float' to 'int', possible loss of data
     1>d:\sfml\solsticescar\cstateninjahitdraggedstate.cpp(24): warning C4244: 'argument' : conversion from 'int' to 'float', possible loss of data
     1>d:\sfml\solsticescar\cstateninjahitdraggedstate.cpp(29): warning C4244: 'argument' : conversion from 'int' to 'float', possible loss of data
     1>d:\sfml\solsticescar\cstateninjahitdraggedstate.cpp(37): warning C4244: 'argument' : conversion from 'int' to 'float', possible loss of data
     1>d:\sfml\solsticescar\cstateninjahitdraggedstate.cpp(42): warning C4244: 'argument' : conversion from 'int' to 'float', possible loss of data
     1>d:\sfml\solsticescar\cstateninjahitdraggedstate.cpp(72): warning C4244: 'initializing' : conversion from 'const float' to 'int', possible loss of data
     1>d:\sfml\solsticescar\cstateninjahitdraggedstate.cpp(73): warning C4244: 'initializing' : conversion from 'const float' to 'int', possible loss of data
         Generating Code...
       ManifestResourceCompile:
         All outputs are up-to-date.
       Link:
         C:\Program Files (x86)\Microsoft Visual Studio 10.0\VC\bin\link.exe /ERRORREPORT:PROMPT /OUT:"D:\SFML\SolsticeScar\Debug\SolsticeScar.exe" /INCREMENTAL /NOLOGO /LIBPATH:"D:\SFML\New\SFML-2.0\lib" "sfml-graphics-d.lib" "sfml-window-d.lib" "sfml-system-d.lib" "sfml-network-d.lib" "sfml-audio-d.lib" kernel32.lib user32.lib gdi32.lib winspool.lib comdlg32.lib advapi32.lib shell32.lib ole32.lib oleaut32.lib uuid.lib odbc32.lib odbccp32.lib /MANIFEST /ManifestFile:"Debug\SolsticeScar.exe.intermediate.manifest" /MANIFESTUAC:"level='asInvoker' uiAccess='false'" /DEBUG /PDB:"D:\SFML\SolsticeScar\Debug\SolsticeScar.pdb" /SUBSYSTEM:CONSOLE /TLBID:1 /DYNAMICBASE /NXCOMPAT /IMPLIB:"D:\SFML\SolsticeScar\Debug\SolsticeScar.lib" /MACHINE:X86 Debug\SolsticeScar.exe.embed.manifest.res
         Debug\AttackBlockedAirState.obj
         Debug\AttackBlockedState.obj
         Debug\AttackState.obj
         Debug\AttackStateAir.obj
         Debug\AttackType.obj
         Debug\BackgroundGameObject.obj
         Debug\BattleReadyState.obj
         Debug\BloodAnimationLogic.obj
         Debug\BoxColliderComponent.obj
         Debug\CState.obj
         Debug\Component.obj
         Debug\CStateNinjaAttacking.obj
         Debug\CStateNinjaDead.obj
         Debug\CStateNinjaDeadAir.obj
         Debug\CStateNinjaFalling.obj
         Debug\CStateNinjaHit.obj
         Debug\CStateNinjaHitAir.obj
         Debug\CStateNinjaHitAirToGround.obj
         Debug\CStateNinjaHitDraggedState.obj
         Debug\CStateNinjaJumping.obj
         Debug\CStateNinjaRunning.obj
         Debug\CStateNinjaStanding.obj
         Debug\CStateRyobeAttacking.obj
         Debug\CStateRyobeAttackPunch.obj
         Debug\CStateRyobeBattleEntrance.obj
         Debug\CStateRyobeBlocking.obj
         Debug\CStateRyobeDead.obj
         Debug\CStateRyobeStanding.obj
         Debug\CStateRyobeWalking.obj
         Debug\DaggerLogic.obj
         Debug\DazedState.obj
         Debug\DeadAirState.obj
         Debug\FallingState.obj
         Debug\Game.obj
         Debug\GameObject.obj
         Debug\GameScene.obj
         Debug\Grid.obj
         Debug\GuardState.obj
         Debug\GUIRedOrbLogic.obj
         Debug\GUIRedOrbRender.obj
         Debug\HealthBarLogic.obj
         Debug\HitAirState.obj
         Debug\HitState.obj
         Debug\InputComponent.obj
         Debug\ItemGameObject.obj
         Debug\ItemLogic.obj
         Debug\JumpingState.obj
         Debug\KnockoutState.obj
         Debug\LogicComponent.obj
         Debug\main.obj
         Debug\MusicPlayer.obj
         Debug\NinjaBoxCollider.obj
         Debug\NinjaGameObject.obj
         Debug\NinjaInput.obj
         Debug\NinjaLogic.obj
         Debug\NinjaRender.obj
         Debug\NinjaSlashBoxCollider.obj
         Debug\NinjaSlashBoxLogic.obj
         Debug\ParryEffectLogic.obj
         Debug\PauseScene.obj
         Debug\PlayerBoxCollider.obj
         Debug\PlayerInput.obj
         Debug\PlayerLogic.obj
         Debug\PlayerRender.obj
         Debug\PlayerState.obj
         Debug\RenderComponent.obj
         Debug\RunningState.obj
         Debug\RyobeAttackBoxLogic.obj
         Debug\RyobeBoxCollider.obj
         Debug\RyobeGameObject.obj
         Debug\RyobeLogic.obj
         Debug\RyobeRender.obj
         Debug\Scene.obj
         Debug\SceneStack.obj
         Debug\SlashBoxBoxCollider.obj
         Debug\SlashBoxLogic.obj
         Debug\SoundEffectLogic.obj
         Debug\SoundPlayer.obj
         Debug\SpriteAnim.obj
         Debug\StandingState.obj
         Debug\System.obj
         Debug\SystemSoundPlayer.obj
         Debug\TitleScene.obj
         Debug\TransformComponent.obj
         Debug\WinState.obj
         Debug\World.obj
         Debug\WorldCave.obj
         Debug\WorldWoods.obj
       Manifest:
         C:\Program Files (x86)\Microsoft SDKs\Windows\v7.0A\bin\mt.exe /nologo /verbose /out:"Debug\SolsticeScar.exe.embed.manifest" /manifest Debug\SolsticeScar.exe.intermediate.manifest
         All outputs are up-to-date.
       LinkEmbedManifest:
         All outputs are up-to-date.
         TileMap.vcxproj -> D:\SFML\SolsticeScar\Debug\SolsticeScar.exe
       FinalizeBuildStatus:
         Deleting file "Debug\SolsticeScar.unsuccessfulbuild".
         Touching "Debug\SolsticeScar.lastbuildstate".
     1>Done Building Project "D:\SFML\SolsticeScar\TileMap.vcxproj" (build target(s)).

Build succeeded.

Time Elapsed 00:00:07.21
