C:\SFML\TILEMAP\DEBUG\ATTACKSTATE.OBJ
C:\SFML\TILEMAP\DEBUG\ATTACKSTATEAIR.OBJ
C:\SFML\TILEMAP\DEBUG\ATTACKTYPE.OBJ
C:\SFML\TILEMAP\DEBUG\BACKGROUNDGAMEOBJECT.OBJ
C:\SFML\TILEMAP\DEBUG\BOXCOLLIDERCOMPONENT.OBJ
C:\SFML\TileMap\Debug\cl.command.1.tlog
C:\SFML\TileMap\Debug\CL.read.1.tlog
C:\SFML\TileMap\Debug\CL.write.1.tlog
C:\SFML\TILEMAP\DEBUG\COMPONENT.OBJ
C:\SFML\TILEMAP\DEBUG\CSTATE.OBJ
C:\SFML\TILEMAP\DEBUG\CSTATENINJAATTACKING.OBJ
C:\SFML\TILEMAP\DEBUG\CSTATENINJADEAD.OBJ
C:\SFML\TILEMAP\DEBUG\CSTATENINJADEADAIR.OBJ
C:\SFML\TILEMAP\DEBUG\CSTATENINJAHIT.OBJ
C:\SFML\TILEMAP\DEBUG\CSTATENINJAHITAIR.OBJ
C:\SFML\TILEMAP\DEBUG\CSTATENINJAJUMPING.OBJ
C:\SFML\TILEMAP\DEBUG\CSTATENINJARUNNING.OBJ
C:\SFML\TILEMAP\DEBUG\CSTATENINJASTANDING.OBJ
C:\SFML\TILEMAP\DEBUG\DEADAIRSTATE.OBJ
C:\SFML\TILEMAP\DEBUG\FALLINGSTATE.OBJ
C:\SFML\TILEMAP\DEBUG\GAME.OBJ
C:\SFML\TILEMAP\DEBUG\GAMEOBJECT.OBJ
C:\SFML\TILEMAP\DEBUG\GAMEOBJECTMANAGER.OBJ
C:\SFML\TILEMAP\DEBUG\GAMESCENE.OBJ
C:\SFML\TILEMAP\DEBUG\GRID.OBJ
C:\SFML\TILEMAP\DEBUG\GUARDSTATE.OBJ
C:\SFML\TILEMAP\DEBUG\GUIREDORBLOGIC.OBJ
C:\SFML\TILEMAP\DEBUG\GUIREDORBRENDER.OBJ
C:\SFML\TILEMAP\DEBUG\HEALTHBARLOGIC.OBJ
C:\SFML\TILEMAP\DEBUG\HITAIRSTATE.OBJ
C:\SFML\TILEMAP\DEBUG\HITSTATE.OBJ
C:\SFML\TILEMAP\DEBUG\INPUTCOMPONENT.OBJ
C:\SFML\TILEMAP\DEBUG\ITEMGAMEOBJECT.OBJ
C:\SFML\TILEMAP\DEBUG\ITEMLOGIC.OBJ
C:\SFML\TILEMAP\DEBUG\JUMPINGSTATE.OBJ
C:\SFML\TILEMAP\DEBUG\KNOCKOUTSTATE.OBJ
C:\SFML\TileMap\Debug\link.11284.read.1.tlog
C:\SFML\TileMap\Debug\link.11284.write.1.tlog
C:\SFML\TileMap\Debug\link.11284-cvtres.read.1.tlog
C:\SFML\TileMap\Debug\link.11284-cvtres.write.1.tlog
C:\SFML\TileMap\Debug\link.command.1.tlog
C:\SFML\TileMap\Debug\link.read.1.tlog
C:\SFML\TileMap\Debug\link.write.1.tlog
C:\SFML\TileMap\Debug\link-cvtres.read.1.tlog
C:\SFML\TileMap\Debug\link-cvtres.write.1.tlog
C:\SFML\TILEMAP\DEBUG\LOGICCOMPONENT.OBJ
C:\SFML\TILEMAP\DEBUG\MAIN.OBJ
C:\SFML\TileMap\Debug\mt.command.1.tlog
C:\SFML\TileMap\Debug\mt.read.1.tlog
C:\SFML\TileMap\Debug\mt.write.1.tlog
C:\SFML\TILEMAP\DEBUG\NINJABOXCOLLIDER.OBJ
C:\SFML\TILEMAP\DEBUG\NINJAGAMEOBJECT.OBJ
C:\SFML\TILEMAP\DEBUG\NINJAINPUT.OBJ
C:\SFML\TILEMAP\DEBUG\NINJALOGIC.OBJ
C:\SFML\TILEMAP\DEBUG\NINJARENDER.OBJ
C:\SFML\TILEMAP\DEBUG\NINJASLASHBOXCOLLIDER.OBJ
C:\SFML\TILEMAP\DEBUG\NINJASLASHBOXLOGIC.OBJ
C:\SFML\TILEMAP\DEBUG\PAUSESCENE.OBJ
C:\SFML\TILEMAP\DEBUG\PLAYERBOXCOLLIDER.OBJ
C:\SFML\TILEMAP\DEBUG\PLAYERINPUT.OBJ
C:\SFML\TILEMAP\DEBUG\PLAYERLOGIC.OBJ
C:\SFML\TILEMAP\DEBUG\PLAYERRENDER.OBJ
C:\SFML\TILEMAP\DEBUG\PLAYERSTATE.OBJ
C:\SFML\TileMap\Debug\rc.command.1.tlog
C:\SFML\TileMap\Debug\rc.read.1.tlog
C:\SFML\TileMap\Debug\rc.write.1.tlog
C:\SFML\TILEMAP\DEBUG\RENDERCOMPONENT.OBJ
C:\SFML\TILEMAP\DEBUG\RUNNINGSTATE.OBJ
C:\SFML\TILEMAP\DEBUG\RYOBEGAMEOBJECT.OBJ
C:\SFML\TILEMAP\DEBUG\RYOBELOGIC.OBJ
C:\SFML\TILEMAP\DEBUG\RYOBERENDER.OBJ
C:\SFML\TILEMAP\DEBUG\SCENE.OBJ
C:\SFML\TILEMAP\DEBUG\SCENESTACK.OBJ
C:\SFML\TILEMAP\DEBUG\SLASHBOXBOXCOLLIDER.OBJ
C:\SFML\TILEMAP\DEBUG\SLASHBOXLOGIC.OBJ
C:\SFML\TILEMAP\DEBUG\SPRITEANIM.OBJ
C:\SFML\TILEMAP\DEBUG\STANDINGSTATE.OBJ
C:\SFML\TILEMAP\DEBUG\SYSTEM.OBJ
C:\SFML\TILEMAP\DEBUG\TILEMAP.EXE
C:\SFML\TILEMAP\DEBUG\TILEMAP.EXE.EMBED.MANIFEST
C:\SFML\TILEMAP\DEBUG\TILEMAP.EXE.EMBED.MANIFEST.RES
C:\SFML\TILEMAP\DEBUG\TILEMAP.EXE.INTERMEDIATE.MANIFEST
C:\SFML\TILEMAP\DEBUG\TILEMAP.ILK
C:\SFML\TILEMAP\DEBUG\TILEMAP.PDB
C:\SFML\TileMap\Debug\TileMap.vcxprojResolveAssemblyReference.cache
C:\SFML\TileMap\Debug\TileMap.write.1.tlog
C:\SFML\TileMap\Debug\TileMap_manifest.rc
C:\SFML\TILEMAP\DEBUG\TITLESCENE.OBJ
C:\SFML\TILEMAP\DEBUG\TRANSFORMCOMPONENT.OBJ
C:\SFML\TileMap\Debug\vc100.idb
C:\SFML\TILEMAP\DEBUG\VC100.PDB
C:\SFML\TILEMAP\DEBUG\WORLD.OBJ
