C:\SFML\TILEMAP\DEBUG\ATTACKSTATE.OBJ
C:\SFML\TILEMAP\DEBUG\ATTACKTYPE.OBJ
C:\SFML\TILEMAP\DEBUG\BOXCOLLIDERCOMPONENT.OBJ
C:\SFML\TileMap\Debug\cl.command.1.tlog
C:\SFML\TileMap\Debug\CL.read.1.tlog
C:\SFML\TileMap\Debug\CL.write.1.tlog
C:\SFML\TILEMAP\DEBUG\COMPONENT.OBJ
C:\SFML\TILEMAP\DEBUG\CSTATE.OBJ
C:\SFML\TILEMAP\DEBUG\CSTATENINJAATTACKING.OBJ
C:\SFML\TILEMAP\DEBUG\CSTATENINJADEAD.OBJ
C:\SFML\TILEMAP\DEBUG\CSTATENINJAHIT.OBJ
C:\SFML\TILEMAP\DEBUG\CSTATENINJASTANDING.OBJ
C:\SFML\TILEMAP\DEBUG\FALLINGSTATE.OBJ
C:\SFML\TILEMAP\DEBUG\GAME.OBJ
C:\SFML\TILEMAP\DEBUG\GAMEOBJECT.OBJ
C:\SFML\TILEMAP\DEBUG\GAMEOBJECTMANAGER.OBJ
C:\SFML\TILEMAP\DEBUG\GAMESCENE.OBJ
C:\SFML\TILEMAP\DEBUG\GRID.OBJ
C:\SFML\TILEMAP\DEBUG\GUARDSTATE.OBJ
C:\SFML\TILEMAP\DEBUG\HITSTATE.OBJ
C:\SFML\TILEMAP\DEBUG\INPUTCOMPONENT.OBJ
C:\SFML\TILEMAP\DEBUG\JUMPINGSTATE.OBJ
C:\SFML\TileMap\Debug\link.10032.read.1.tlog
C:\SFML\TileMap\Debug\link.10032.write.1.tlog
C:\SFML\TileMap\Debug\link.10032-cvtres.read.1.tlog
C:\SFML\TileMap\Debug\link.10032-cvtres.write.1.tlog
C:\SFML\TileMap\Debug\link.10184.read.1.tlog
C:\SFML\TileMap\Debug\link.10184.write.1.tlog
C:\SFML\TileMap\Debug\link.10184-cvtres.read.1.tlog
C:\SFML\TileMap\Debug\link.10184-cvtres.write.1.tlog
C:\SFML\TileMap\Debug\link.10300.read.1.tlog
C:\SFML\TileMap\Debug\link.10300.write.1.tlog
C:\SFML\TileMap\Debug\link.10300-cvtres.read.1.tlog
C:\SFML\TileMap\Debug\link.10300-cvtres.write.1.tlog
C:\SFML\TileMap\Debug\link.10412.read.1.tlog
C:\SFML\TileMap\Debug\link.10412.write.1.tlog
C:\SFML\TileMap\Debug\link.10412-cvtres.read.1.tlog
C:\SFML\TileMap\Debug\link.10412-cvtres.write.1.tlog
C:\SFML\TileMap\Debug\link.10420.read.1.tlog
C:\SFML\TileMap\Debug\link.10420.write.1.tlog
C:\SFML\TileMap\Debug\link.10420-cvtres.read.1.tlog
C:\SFML\TileMap\Debug\link.10420-cvtres.write.1.tlog
C:\SFML\TileMap\Debug\link.10424.read.1.tlog
C:\SFML\TileMap\Debug\link.10424.write.1.tlog
C:\SFML\TileMap\Debug\link.10424-cvtres.read.1.tlog
C:\SFML\TileMap\Debug\link.10424-cvtres.write.1.tlog
C:\SFML\TileMap\Debug\link.10572.read.1.tlog
C:\SFML\TileMap\Debug\link.10572.write.1.tlog
C:\SFML\TileMap\Debug\link.10572-cvtres.read.1.tlog
C:\SFML\TileMap\Debug\link.10572-cvtres.write.1.tlog
C:\SFML\TileMap\Debug\link.10620.read.1.tlog
C:\SFML\TileMap\Debug\link.10620.write.1.tlog
C:\SFML\TileMap\Debug\link.10620-cvtres.read.1.tlog
C:\SFML\TileMap\Debug\link.10620-cvtres.write.1.tlog
C:\SFML\TileMap\Debug\link.10676.read.1.tlog
C:\SFML\TileMap\Debug\link.10676.write.1.tlog
C:\SFML\TileMap\Debug\link.10676-cvtres.read.1.tlog
C:\SFML\TileMap\Debug\link.10676-cvtres.write.1.tlog
C:\SFML\TileMap\Debug\link.10680.read.1.tlog
C:\SFML\TileMap\Debug\link.10680.write.1.tlog
C:\SFML\TileMap\Debug\link.10680-cvtres.read.1.tlog
C:\SFML\TileMap\Debug\link.10680-cvtres.write.1.tlog
C:\SFML\TileMap\Debug\link.10800.read.1.tlog
C:\SFML\TileMap\Debug\link.10800.write.1.tlog
C:\SFML\TileMap\Debug\link.10800-cvtres.read.1.tlog
C:\SFML\TileMap\Debug\link.10800-cvtres.write.1.tlog
C:\SFML\TileMap\Debug\link.10872.read.1.tlog
C:\SFML\TileMap\Debug\link.10872.write.1.tlog
C:\SFML\TileMap\Debug\link.10872-cvtres.read.1.tlog
C:\SFML\TileMap\Debug\link.10872-cvtres.write.1.tlog
C:\SFML\TileMap\Debug\link.10940.read.1.tlog
C:\SFML\TileMap\Debug\link.10940.write.1.tlog
C:\SFML\TileMap\Debug\link.10940-cvtres.read.1.tlog
C:\SFML\TileMap\Debug\link.10940-cvtres.write.1.tlog
C:\SFML\TileMap\Debug\link.11040.read.1.tlog
C:\SFML\TileMap\Debug\link.11040.write.1.tlog
C:\SFML\TileMap\Debug\link.11040-cvtres.read.1.tlog
C:\SFML\TileMap\Debug\link.11040-cvtres.write.1.tlog
C:\SFML\TileMap\Debug\link.11148.read.1.tlog
C:\SFML\TileMap\Debug\link.11148.write.1.tlog
C:\SFML\TileMap\Debug\link.11148-cvtres.read.1.tlog
C:\SFML\TileMap\Debug\link.11148-cvtres.write.1.tlog
C:\SFML\TileMap\Debug\link.11228.read.1.tlog
C:\SFML\TileMap\Debug\link.11228.write.1.tlog
C:\SFML\TileMap\Debug\link.11228-cvtres.read.1.tlog
C:\SFML\TileMap\Debug\link.11228-cvtres.write.1.tlog
C:\SFML\TileMap\Debug\link.11284.read.1.tlog
C:\SFML\TileMap\Debug\link.11284.write.1.tlog
C:\SFML\TileMap\Debug\link.11284-cvtres.read.1.tlog
C:\SFML\TileMap\Debug\link.11284-cvtres.write.1.tlog
C:\SFML\TileMap\Debug\link.11556.read.1.tlog
C:\SFML\TileMap\Debug\link.11556.write.1.tlog
C:\SFML\TileMap\Debug\link.11556-cvtres.read.1.tlog
C:\SFML\TileMap\Debug\link.11556-cvtres.write.1.tlog
C:\SFML\TileMap\Debug\link.11592.read.1.tlog
C:\SFML\TileMap\Debug\link.11592.write.1.tlog
C:\SFML\TileMap\Debug\link.11592-cvtres.read.1.tlog
C:\SFML\TileMap\Debug\link.11592-cvtres.write.1.tlog
C:\SFML\TileMap\Debug\link.11608.read.1.tlog
C:\SFML\TileMap\Debug\link.11608.write.1.tlog
C:\SFML\TileMap\Debug\link.11608-cvtres.read.1.tlog
C:\SFML\TileMap\Debug\link.11608-cvtres.write.1.tlog
C:\SFML\TileMap\Debug\link.11636.read.1.tlog
C:\SFML\TileMap\Debug\link.11636.write.1.tlog
C:\SFML\TileMap\Debug\link.11636-cvtres.read.1.tlog
C:\SFML\TileMap\Debug\link.11636-cvtres.write.1.tlog
C:\SFML\TileMap\Debug\link.11736.read.1.tlog
C:\SFML\TileMap\Debug\link.11736.write.1.tlog
C:\SFML\TileMap\Debug\link.11736-cvtres.read.1.tlog
C:\SFML\TileMap\Debug\link.11736-cvtres.write.1.tlog
C:\SFML\TileMap\Debug\link.11768.read.1.tlog
C:\SFML\TileMap\Debug\link.11768.write.1.tlog
C:\SFML\TileMap\Debug\link.11768-cvtres.read.1.tlog
C:\SFML\TileMap\Debug\link.11768-cvtres.write.1.tlog
C:\SFML\TileMap\Debug\link.11804.read.1.tlog
C:\SFML\TileMap\Debug\link.11804.write.1.tlog
C:\SFML\TileMap\Debug\link.11804-cvtres.read.1.tlog
C:\SFML\TileMap\Debug\link.11804-cvtres.write.1.tlog
C:\SFML\TileMap\Debug\link.12032.read.1.tlog
C:\SFML\TileMap\Debug\link.12032.write.1.tlog
C:\SFML\TileMap\Debug\link.12032-cvtres.read.1.tlog
C:\SFML\TileMap\Debug\link.12032-cvtres.write.1.tlog
C:\SFML\TileMap\Debug\link.12060.read.1.tlog
C:\SFML\TileMap\Debug\link.12060.write.1.tlog
C:\SFML\TileMap\Debug\link.12060-cvtres.read.1.tlog
C:\SFML\TileMap\Debug\link.12060-cvtres.write.1.tlog
C:\SFML\TileMap\Debug\link.12212.read.1.tlog
C:\SFML\TileMap\Debug\link.12212.write.1.tlog
C:\SFML\TileMap\Debug\link.12212-cvtres.read.1.tlog
C:\SFML\TileMap\Debug\link.12212-cvtres.write.1.tlog
C:\SFML\TileMap\Debug\link.12336.read.1.tlog
C:\SFML\TileMap\Debug\link.12336.write.1.tlog
C:\SFML\TileMap\Debug\link.12336-cvtres.read.1.tlog
C:\SFML\TileMap\Debug\link.12336-cvtres.write.1.tlog
C:\SFML\TileMap\Debug\link.12456.read.1.tlog
C:\SFML\TileMap\Debug\link.12456.write.1.tlog
C:\SFML\TileMap\Debug\link.12456-cvtres.read.1.tlog
C:\SFML\TileMap\Debug\link.12456-cvtres.write.1.tlog
C:\SFML\TileMap\Debug\link.1284.read.1.tlog
C:\SFML\TileMap\Debug\link.1284.write.1.tlog
C:\SFML\TileMap\Debug\link.1284-cvtres.read.1.tlog
C:\SFML\TileMap\Debug\link.1284-cvtres.write.1.tlog
C:\SFML\TileMap\Debug\link.12876.read.1.tlog
C:\SFML\TileMap\Debug\link.12876.write.1.tlog
C:\SFML\TileMap\Debug\link.12876-cvtres.read.1.tlog
C:\SFML\TileMap\Debug\link.12876-cvtres.write.1.tlog
C:\SFML\TileMap\Debug\link.1288.read.1.tlog
C:\SFML\TileMap\Debug\link.1288.write.1.tlog
C:\SFML\TileMap\Debug\link.1288-cvtres.read.1.tlog
C:\SFML\TileMap\Debug\link.1288-cvtres.write.1.tlog
C:\SFML\TileMap\Debug\link.13000.read.1.tlog
C:\SFML\TileMap\Debug\link.13000.write.1.tlog
C:\SFML\TileMap\Debug\link.13000-cvtres.read.1.tlog
C:\SFML\TileMap\Debug\link.13000-cvtres.write.1.tlog
C:\SFML\TileMap\Debug\link.13068.read.1.tlog
C:\SFML\TileMap\Debug\link.13068.write.1.tlog
C:\SFML\TileMap\Debug\link.13068-cvtres.read.1.tlog
C:\SFML\TileMap\Debug\link.13068-cvtres.write.1.tlog
C:\SFML\TileMap\Debug\link.13256.read.1.tlog
C:\SFML\TileMap\Debug\link.13256.write.1.tlog
C:\SFML\TileMap\Debug\link.13256-cvtres.read.1.tlog
C:\SFML\TileMap\Debug\link.13256-cvtres.write.1.tlog
C:\SFML\TileMap\Debug\link.13824.read.1.tlog
C:\SFML\TileMap\Debug\link.13824.write.1.tlog
C:\SFML\TileMap\Debug\link.13824-cvtres.read.1.tlog
C:\SFML\TileMap\Debug\link.13824-cvtres.write.1.tlog
C:\SFML\TileMap\Debug\link.13836.read.1.tlog
C:\SFML\TileMap\Debug\link.13836.write.1.tlog
C:\SFML\TileMap\Debug\link.13836-cvtres.read.1.tlog
C:\SFML\TileMap\Debug\link.13836-cvtres.write.1.tlog
C:\SFML\TileMap\Debug\link.13860.read.1.tlog
C:\SFML\TileMap\Debug\link.13860.write.1.tlog
C:\SFML\TileMap\Debug\link.13860-cvtres.read.1.tlog
C:\SFML\TileMap\Debug\link.13860-cvtres.write.1.tlog
C:\SFML\TileMap\Debug\link.1548.read.1.tlog
C:\SFML\TileMap\Debug\link.1548.write.1.tlog
C:\SFML\TileMap\Debug\link.1548-cvtres.read.1.tlog
C:\SFML\TileMap\Debug\link.1548-cvtres.write.1.tlog
C:\SFML\TileMap\Debug\link.15892.read.1.tlog
C:\SFML\TileMap\Debug\link.15892.write.1.tlog
C:\SFML\TileMap\Debug\link.15892-cvtres.read.1.tlog
C:\SFML\TileMap\Debug\link.15892-cvtres.write.1.tlog
C:\SFML\TileMap\Debug\link.1612.read.1.tlog
C:\SFML\TileMap\Debug\link.1612.write.1.tlog
C:\SFML\TileMap\Debug\link.1612-cvtres.read.1.tlog
C:\SFML\TileMap\Debug\link.1612-cvtres.write.1.tlog
C:\SFML\TileMap\Debug\link.1972.read.1.tlog
C:\SFML\TileMap\Debug\link.1972.write.1.tlog
C:\SFML\TileMap\Debug\link.1972-cvtres.read.1.tlog
C:\SFML\TileMap\Debug\link.1972-cvtres.write.1.tlog
C:\SFML\TileMap\Debug\link.22484.read.1.tlog
C:\SFML\TileMap\Debug\link.22484.write.1.tlog
C:\SFML\TileMap\Debug\link.22484-cvtres.read.1.tlog
C:\SFML\TileMap\Debug\link.22484-cvtres.write.1.tlog
C:\SFML\TileMap\Debug\link.2300.read.1.tlog
C:\SFML\TileMap\Debug\link.2300.write.1.tlog
C:\SFML\TileMap\Debug\link.2300-cvtres.read.1.tlog
C:\SFML\TileMap\Debug\link.2300-cvtres.write.1.tlog
C:\SFML\TileMap\Debug\link.2568.read.1.tlog
C:\SFML\TileMap\Debug\link.2568.write.1.tlog
C:\SFML\TileMap\Debug\link.2568-cvtres.read.1.tlog
C:\SFML\TileMap\Debug\link.2568-cvtres.write.1.tlog
C:\SFML\TileMap\Debug\link.2660.read.1.tlog
C:\SFML\TileMap\Debug\link.2660.write.1.tlog
C:\SFML\TileMap\Debug\link.2660-cvtres.read.1.tlog
C:\SFML\TileMap\Debug\link.2660-cvtres.write.1.tlog
C:\SFML\TileMap\Debug\link.3060.read.1.tlog
C:\SFML\TileMap\Debug\link.3060.write.1.tlog
C:\SFML\TileMap\Debug\link.3060-cvtres.read.1.tlog
C:\SFML\TileMap\Debug\link.3060-cvtres.write.1.tlog
C:\SFML\TileMap\Debug\link.3284.read.1.tlog
C:\SFML\TileMap\Debug\link.3284.write.1.tlog
C:\SFML\TileMap\Debug\link.3284-cvtres.read.1.tlog
C:\SFML\TileMap\Debug\link.3284-cvtres.write.1.tlog
C:\SFML\TileMap\Debug\link.3512.read.1.tlog
C:\SFML\TileMap\Debug\link.3512.write.1.tlog
C:\SFML\TileMap\Debug\link.3512-cvtres.read.1.tlog
C:\SFML\TileMap\Debug\link.3512-cvtres.write.1.tlog
C:\SFML\TileMap\Debug\link.4180.read.1.tlog
C:\SFML\TileMap\Debug\link.4180.write.1.tlog
C:\SFML\TileMap\Debug\link.4180-cvtres.read.1.tlog
C:\SFML\TileMap\Debug\link.4180-cvtres.write.1.tlog
C:\SFML\TileMap\Debug\link.4252.read.1.tlog
C:\SFML\TileMap\Debug\link.4252.write.1.tlog
C:\SFML\TileMap\Debug\link.4252-cvtres.read.1.tlog
C:\SFML\TileMap\Debug\link.4252-cvtres.write.1.tlog
C:\SFML\TileMap\Debug\link.4380.read.1.tlog
C:\SFML\TileMap\Debug\link.4380.write.1.tlog
C:\SFML\TileMap\Debug\link.4380-cvtres.read.1.tlog
C:\SFML\TileMap\Debug\link.4380-cvtres.write.1.tlog
C:\SFML\TileMap\Debug\link.4592.read.1.tlog
C:\SFML\TileMap\Debug\link.4592.write.1.tlog
C:\SFML\TileMap\Debug\link.4592-cvtres.read.1.tlog
C:\SFML\TileMap\Debug\link.4592-cvtres.write.1.tlog
C:\SFML\TileMap\Debug\link.4656.read.1.tlog
C:\SFML\TileMap\Debug\link.4656.write.1.tlog
C:\SFML\TileMap\Debug\link.4656-cvtres.read.1.tlog
C:\SFML\TileMap\Debug\link.4656-cvtres.write.1.tlog
C:\SFML\TileMap\Debug\link.4840.read.1.tlog
C:\SFML\TileMap\Debug\link.4840.write.1.tlog
C:\SFML\TileMap\Debug\link.4840-cvtres.read.1.tlog
C:\SFML\TileMap\Debug\link.4840-cvtres.write.1.tlog
C:\SFML\TileMap\Debug\link.4856.read.1.tlog
C:\SFML\TileMap\Debug\link.4856.write.1.tlog
C:\SFML\TileMap\Debug\link.4856-cvtres.read.1.tlog
C:\SFML\TileMap\Debug\link.4856-cvtres.write.1.tlog
C:\SFML\TileMap\Debug\link.5092.read.1.tlog
C:\SFML\TileMap\Debug\link.5092.write.1.tlog
C:\SFML\TileMap\Debug\link.5092-cvtres.read.1.tlog
C:\SFML\TileMap\Debug\link.5092-cvtres.write.1.tlog
C:\SFML\TileMap\Debug\link.5504.read.1.tlog
C:\SFML\TileMap\Debug\link.5504.write.1.tlog
C:\SFML\TileMap\Debug\link.5504-cvtres.read.1.tlog
C:\SFML\TileMap\Debug\link.5504-cvtres.write.1.tlog
C:\SFML\TileMap\Debug\link.5608.read.1.tlog
C:\SFML\TileMap\Debug\link.5608.write.1.tlog
C:\SFML\TileMap\Debug\link.5608-cvtres.read.1.tlog
C:\SFML\TileMap\Debug\link.5608-cvtres.write.1.tlog
C:\SFML\TileMap\Debug\link.5620.read.1.tlog
C:\SFML\TileMap\Debug\link.5620.write.1.tlog
C:\SFML\TileMap\Debug\link.5620-cvtres.read.1.tlog
C:\SFML\TileMap\Debug\link.5620-cvtres.write.1.tlog
C:\SFML\TileMap\Debug\link.5692.read.1.tlog
C:\SFML\TileMap\Debug\link.5692.write.1.tlog
C:\SFML\TileMap\Debug\link.5692-cvtres.read.1.tlog
C:\SFML\TileMap\Debug\link.5692-cvtres.write.1.tlog
C:\SFML\TileMap\Debug\link.5732.read.1.tlog
C:\SFML\TileMap\Debug\link.5732.write.1.tlog
C:\SFML\TileMap\Debug\link.5732-cvtres.read.1.tlog
C:\SFML\TileMap\Debug\link.5732-cvtres.write.1.tlog
C:\SFML\TileMap\Debug\link.5788.read.1.tlog
C:\SFML\TileMap\Debug\link.5788.write.1.tlog
C:\SFML\TileMap\Debug\link.5788-cvtres.read.1.tlog
C:\SFML\TileMap\Debug\link.5788-cvtres.write.1.tlog
C:\SFML\TileMap\Debug\link.5996.read.1.tlog
C:\SFML\TileMap\Debug\link.5996.write.1.tlog
C:\SFML\TileMap\Debug\link.5996-cvtres.read.1.tlog
C:\SFML\TileMap\Debug\link.5996-cvtres.write.1.tlog
C:\SFML\TileMap\Debug\link.6248.read.1.tlog
C:\SFML\TileMap\Debug\link.6248.write.1.tlog
C:\SFML\TileMap\Debug\link.6248-cvtres.read.1.tlog
C:\SFML\TileMap\Debug\link.6248-cvtres.write.1.tlog
C:\SFML\TileMap\Debug\link.6300.read.1.tlog
C:\SFML\TileMap\Debug\link.6300.write.1.tlog
C:\SFML\TileMap\Debug\link.6300-cvtres.read.1.tlog
C:\SFML\TileMap\Debug\link.6300-cvtres.write.1.tlog
C:\SFML\TileMap\Debug\link.6460.read.1.tlog
C:\SFML\TileMap\Debug\link.6460.write.1.tlog
C:\SFML\TileMap\Debug\link.6460-cvtres.read.1.tlog
C:\SFML\TileMap\Debug\link.6460-cvtres.write.1.tlog
C:\SFML\TileMap\Debug\link.6792.read.1.tlog
C:\SFML\TileMap\Debug\link.6792.write.1.tlog
C:\SFML\TileMap\Debug\link.6792-cvtres.read.1.tlog
C:\SFML\TileMap\Debug\link.6792-cvtres.write.1.tlog
C:\SFML\TileMap\Debug\link.6832.read.1.tlog
C:\SFML\TileMap\Debug\link.6832.write.1.tlog
C:\SFML\TileMap\Debug\link.6832-cvtres.read.1.tlog
C:\SFML\TileMap\Debug\link.6832-cvtres.write.1.tlog
C:\SFML\TileMap\Debug\link.7056.read.1.tlog
C:\SFML\TileMap\Debug\link.7056.write.1.tlog
C:\SFML\TileMap\Debug\link.7056-cvtres.read.1.tlog
C:\SFML\TileMap\Debug\link.7056-cvtres.write.1.tlog
C:\SFML\TileMap\Debug\link.7248.read.1.tlog
C:\SFML\TileMap\Debug\link.7248.write.1.tlog
C:\SFML\TileMap\Debug\link.7248-cvtres.read.1.tlog
C:\SFML\TileMap\Debug\link.7248-cvtres.write.1.tlog
C:\SFML\TileMap\Debug\link.7284.read.1.tlog
C:\SFML\TileMap\Debug\link.7284.write.1.tlog
C:\SFML\TileMap\Debug\link.7284-cvtres.read.1.tlog
C:\SFML\TileMap\Debug\link.7284-cvtres.write.1.tlog
C:\SFML\TileMap\Debug\link.7380.read.1.tlog
C:\SFML\TileMap\Debug\link.7380.write.1.tlog
C:\SFML\TileMap\Debug\link.7380-cvtres.read.1.tlog
C:\SFML\TileMap\Debug\link.7380-cvtres.write.1.tlog
C:\SFML\TileMap\Debug\link.7480.read.1.tlog
C:\SFML\TileMap\Debug\link.7480.write.1.tlog
C:\SFML\TileMap\Debug\link.7480-cvtres.read.1.tlog
C:\SFML\TileMap\Debug\link.7480-cvtres.write.1.tlog
C:\SFML\TileMap\Debug\link.7872.read.1.tlog
C:\SFML\TileMap\Debug\link.7872.write.1.tlog
C:\SFML\TileMap\Debug\link.7872-cvtres.read.1.tlog
C:\SFML\TileMap\Debug\link.7872-cvtres.write.1.tlog
C:\SFML\TileMap\Debug\link.7924.read.1.tlog
C:\SFML\TileMap\Debug\link.7924.write.1.tlog
C:\SFML\TileMap\Debug\link.7924-cvtres.read.1.tlog
C:\SFML\TileMap\Debug\link.7924-cvtres.write.1.tlog
C:\SFML\TileMap\Debug\link.8000.read.1.tlog
C:\SFML\TileMap\Debug\link.8000.write.1.tlog
C:\SFML\TileMap\Debug\link.8000-cvtres.read.1.tlog
C:\SFML\TileMap\Debug\link.8000-cvtres.write.1.tlog
C:\SFML\TileMap\Debug\link.8052.read.1.tlog
C:\SFML\TileMap\Debug\link.8052.write.1.tlog
C:\SFML\TileMap\Debug\link.8052-cvtres.read.1.tlog
C:\SFML\TileMap\Debug\link.8052-cvtres.write.1.tlog
C:\SFML\TileMap\Debug\link.8064.read.1.tlog
C:\SFML\TileMap\Debug\link.8064.write.1.tlog
C:\SFML\TileMap\Debug\link.8064-cvtres.read.1.tlog
C:\SFML\TileMap\Debug\link.8064-cvtres.write.1.tlog
C:\SFML\TileMap\Debug\link.8120.read.1.tlog
C:\SFML\TileMap\Debug\link.8120.write.1.tlog
C:\SFML\TileMap\Debug\link.8120-cvtres.read.1.tlog
C:\SFML\TileMap\Debug\link.8120-cvtres.write.1.tlog
C:\SFML\TileMap\Debug\link.8140.read.1.tlog
C:\SFML\TileMap\Debug\link.8140.write.1.tlog
C:\SFML\TileMap\Debug\link.8140-cvtres.read.1.tlog
C:\SFML\TileMap\Debug\link.8140-cvtres.write.1.tlog
C:\SFML\TileMap\Debug\link.8164.read.1.tlog
C:\SFML\TileMap\Debug\link.8164.write.1.tlog
C:\SFML\TileMap\Debug\link.8164-cvtres.read.1.tlog
C:\SFML\TileMap\Debug\link.8164-cvtres.write.1.tlog
C:\SFML\TileMap\Debug\link.8208.read.1.tlog
C:\SFML\TileMap\Debug\link.8208.write.1.tlog
C:\SFML\TileMap\Debug\link.8208-cvtres.read.1.tlog
C:\SFML\TileMap\Debug\link.8208-cvtres.write.1.tlog
C:\SFML\TileMap\Debug\link.8312.read.1.tlog
C:\SFML\TileMap\Debug\link.8312.write.1.tlog
C:\SFML\TileMap\Debug\link.8312-cvtres.read.1.tlog
C:\SFML\TileMap\Debug\link.8312-cvtres.write.1.tlog
C:\SFML\TileMap\Debug\link.8352.read.1.tlog
C:\SFML\TileMap\Debug\link.8352.write.1.tlog
C:\SFML\TileMap\Debug\link.8352-cvtres.read.1.tlog
C:\SFML\TileMap\Debug\link.8352-cvtres.write.1.tlog
C:\SFML\TileMap\Debug\link.8496.read.1.tlog
C:\SFML\TileMap\Debug\link.8496.write.1.tlog
C:\SFML\TileMap\Debug\link.8496-cvtres.read.1.tlog
C:\SFML\TileMap\Debug\link.8496-cvtres.write.1.tlog
C:\SFML\TileMap\Debug\link.8516.read.1.tlog
C:\SFML\TileMap\Debug\link.8516.write.1.tlog
C:\SFML\TileMap\Debug\link.8516-cvtres.read.1.tlog
C:\SFML\TileMap\Debug\link.8516-cvtres.write.1.tlog
C:\SFML\TileMap\Debug\link.8544.read.1.tlog
C:\SFML\TileMap\Debug\link.8544.write.1.tlog
C:\SFML\TileMap\Debug\link.8544-cvtres.read.1.tlog
C:\SFML\TileMap\Debug\link.8544-cvtres.write.1.tlog
C:\SFML\TileMap\Debug\link.8628.read.1.tlog
C:\SFML\TileMap\Debug\link.8628.write.1.tlog
C:\SFML\TileMap\Debug\link.8628-cvtres.read.1.tlog
C:\SFML\TileMap\Debug\link.8628-cvtres.write.1.tlog
C:\SFML\TileMap\Debug\link.8676.read.1.tlog
C:\SFML\TileMap\Debug\link.8676.write.1.tlog
C:\SFML\TileMap\Debug\link.8676-cvtres.read.1.tlog
C:\SFML\TileMap\Debug\link.8676-cvtres.write.1.tlog
C:\SFML\TileMap\Debug\link.8692.read.1.tlog
C:\SFML\TileMap\Debug\link.8692.write.1.tlog
C:\SFML\TileMap\Debug\link.8692-cvtres.read.1.tlog
C:\SFML\TileMap\Debug\link.8692-cvtres.write.1.tlog
C:\SFML\TileMap\Debug\link.8812.read.1.tlog
C:\SFML\TileMap\Debug\link.8812.write.1.tlog
C:\SFML\TileMap\Debug\link.8812-cvtres.read.1.tlog
C:\SFML\TileMap\Debug\link.8812-cvtres.write.1.tlog
C:\SFML\TileMap\Debug\link.8824.read.1.tlog
C:\SFML\TileMap\Debug\link.8824.write.1.tlog
C:\SFML\TileMap\Debug\link.8824-cvtres.read.1.tlog
C:\SFML\TileMap\Debug\link.8824-cvtres.write.1.tlog
C:\SFML\TileMap\Debug\link.8896.read.1.tlog
C:\SFML\TileMap\Debug\link.8896.write.1.tlog
C:\SFML\TileMap\Debug\link.8896-cvtres.read.1.tlog
C:\SFML\TileMap\Debug\link.8896-cvtres.write.1.tlog
C:\SFML\TileMap\Debug\link.8976.read.1.tlog
C:\SFML\TileMap\Debug\link.8976.write.1.tlog
C:\SFML\TileMap\Debug\link.8976-cvtres.read.1.tlog
C:\SFML\TileMap\Debug\link.8976-cvtres.write.1.tlog
C:\SFML\TileMap\Debug\link.9016.read.1.tlog
C:\SFML\TileMap\Debug\link.9016.write.1.tlog
C:\SFML\TileMap\Debug\link.9016-cvtres.read.1.tlog
C:\SFML\TileMap\Debug\link.9016-cvtres.write.1.tlog
C:\SFML\TileMap\Debug\link.9048.read.1.tlog
C:\SFML\TileMap\Debug\link.9048.write.1.tlog
C:\SFML\TileMap\Debug\link.9048-cvtres.read.1.tlog
C:\SFML\TileMap\Debug\link.9048-cvtres.write.1.tlog
C:\SFML\TileMap\Debug\link.9056.read.1.tlog
C:\SFML\TileMap\Debug\link.9056.write.1.tlog
C:\SFML\TileMap\Debug\link.9056-cvtres.read.1.tlog
C:\SFML\TileMap\Debug\link.9056-cvtres.write.1.tlog
C:\SFML\TileMap\Debug\link.9084.read.1.tlog
C:\SFML\TileMap\Debug\link.9084.write.1.tlog
C:\SFML\TileMap\Debug\link.9084-cvtres.read.1.tlog
C:\SFML\TileMap\Debug\link.9084-cvtres.write.1.tlog
C:\SFML\TileMap\Debug\link.9092.read.1.tlog
C:\SFML\TileMap\Debug\link.9092.write.1.tlog
C:\SFML\TileMap\Debug\link.9092-cvtres.read.1.tlog
C:\SFML\TileMap\Debug\link.9092-cvtres.write.1.tlog
C:\SFML\TileMap\Debug\link.9260.read.1.tlog
C:\SFML\TileMap\Debug\link.9260.write.1.tlog
C:\SFML\TileMap\Debug\link.9260-cvtres.read.1.tlog
C:\SFML\TileMap\Debug\link.9260-cvtres.write.1.tlog
C:\SFML\TileMap\Debug\link.9268.read.1.tlog
C:\SFML\TileMap\Debug\link.9268.write.1.tlog
C:\SFML\TileMap\Debug\link.9268-cvtres.read.1.tlog
C:\SFML\TileMap\Debug\link.9268-cvtres.write.1.tlog
C:\SFML\TileMap\Debug\link.9348.read.1.tlog
C:\SFML\TileMap\Debug\link.9348.write.1.tlog
C:\SFML\TileMap\Debug\link.9348-cvtres.read.1.tlog
C:\SFML\TileMap\Debug\link.9348-cvtres.write.1.tlog
C:\SFML\TileMap\Debug\link.9384.read.1.tlog
C:\SFML\TileMap\Debug\link.9384.write.1.tlog
C:\SFML\TileMap\Debug\link.9384-cvtres.read.1.tlog
C:\SFML\TileMap\Debug\link.9384-cvtres.write.1.tlog
C:\SFML\TileMap\Debug\link.9584.read.1.tlog
C:\SFML\TileMap\Debug\link.9584.write.1.tlog
C:\SFML\TileMap\Debug\link.9584-cvtres.read.1.tlog
C:\SFML\TileMap\Debug\link.9584-cvtres.write.1.tlog
C:\SFML\TileMap\Debug\link.9608.read.1.tlog
C:\SFML\TileMap\Debug\link.9608.write.1.tlog
C:\SFML\TileMap\Debug\link.9608-cvtres.read.1.tlog
C:\SFML\TileMap\Debug\link.9608-cvtres.write.1.tlog
C:\SFML\TileMap\Debug\link.9716.read.1.tlog
C:\SFML\TileMap\Debug\link.9716.write.1.tlog
C:\SFML\TileMap\Debug\link.9716-cvtres.read.1.tlog
C:\SFML\TileMap\Debug\link.9716-cvtres.write.1.tlog
C:\SFML\TileMap\Debug\link.972.read.1.tlog
C:\SFML\TileMap\Debug\link.972.write.1.tlog
C:\SFML\TileMap\Debug\link.972-cvtres.read.1.tlog
C:\SFML\TileMap\Debug\link.972-cvtres.write.1.tlog
C:\SFML\TileMap\Debug\link.9832.read.1.tlog
C:\SFML\TileMap\Debug\link.9832.write.1.tlog
C:\SFML\TileMap\Debug\link.9832-cvtres.read.1.tlog
C:\SFML\TileMap\Debug\link.9832-cvtres.write.1.tlog
C:\SFML\TileMap\Debug\link.9836.read.1.tlog
C:\SFML\TileMap\Debug\link.9836.write.1.tlog
C:\SFML\TileMap\Debug\link.9836-cvtres.read.1.tlog
C:\SFML\TileMap\Debug\link.9836-cvtres.write.1.tlog
C:\SFML\TileMap\Debug\link.9860.read.1.tlog
C:\SFML\TileMap\Debug\link.9860.write.1.tlog
C:\SFML\TileMap\Debug\link.9860-cvtres.read.1.tlog
C:\SFML\TileMap\Debug\link.9860-cvtres.write.1.tlog
C:\SFML\TileMap\Debug\link.9960.read.1.tlog
C:\SFML\TileMap\Debug\link.9960.write.1.tlog
C:\SFML\TileMap\Debug\link.9960-cvtres.read.1.tlog
C:\SFML\TileMap\Debug\link.9960-cvtres.write.1.tlog
C:\SFML\TileMap\Debug\link.command.1.tlog
C:\SFML\TileMap\Debug\link.read.1.tlog
C:\SFML\TileMap\Debug\link.write.1.tlog
C:\SFML\TileMap\Debug\link-cvtres.read.1.tlog
C:\SFML\TileMap\Debug\link-cvtres.write.1.tlog
C:\SFML\TILEMAP\DEBUG\LOGICCOMPONENT.OBJ
C:\SFML\TILEMAP\DEBUG\MAIN.OBJ
C:\SFML\TileMap\Debug\mt.command.1.tlog
C:\SFML\TileMap\Debug\mt.read.1.tlog
C:\SFML\TileMap\Debug\mt.write.1.tlog
C:\SFML\TILEMAP\DEBUG\NINJABOXCOLLIDER.OBJ
C:\SFML\TILEMAP\DEBUG\NINJAGAMEOBJECT.OBJ
C:\SFML\TILEMAP\DEBUG\NINJAINPUT.OBJ
C:\SFML\TILEMAP\DEBUG\NINJALOGIC.OBJ
C:\SFML\TILEMAP\DEBUG\NINJARENDER.OBJ
C:\SFML\TILEMAP\DEBUG\PAUSESCENE.OBJ
C:\SFML\TILEMAP\DEBUG\PLAYERBOXCOLLIDER.OBJ
C:\SFML\TILEMAP\DEBUG\PLAYERINPUT.OBJ
C:\SFML\TILEMAP\DEBUG\PLAYERLOGIC.OBJ
C:\SFML\TILEMAP\DEBUG\PLAYERRENDER.OBJ
C:\SFML\TILEMAP\DEBUG\PLAYERSTATE.OBJ
C:\SFML\TileMap\Debug\rc.command.1.tlog
C:\SFML\TileMap\Debug\rc.read.1.tlog
C:\SFML\TileMap\Debug\rc.write.1.tlog
C:\SFML\TILEMAP\DEBUG\RENDERCOMPONENT.OBJ
C:\SFML\TILEMAP\DEBUG\RUNNINGSTATE.OBJ
C:\SFML\TILEMAP\DEBUG\SCENE.OBJ
C:\SFML\TILEMAP\DEBUG\SCENESTACK.OBJ
C:\SFML\TILEMAP\DEBUG\SLASHBOXBOXCOLLIDER.OBJ
C:\SFML\TILEMAP\DEBUG\SLASHBOXLOGIC.OBJ
C:\SFML\TILEMAP\DEBUG\SPRITEANIM.OBJ
C:\SFML\TILEMAP\DEBUG\STANDINGSTATE.OBJ
C:\SFML\TILEMAP\DEBUG\STATE.OBJ
C:\SFML\TILEMAP\DEBUG\STATEMANAGER.OBJ
C:\SFML\TILEMAP\DEBUG\SYSTEM.OBJ
C:\SFML\TILEMAP\DEBUG\TILEMAP.EXE.EMBED.MANIFEST
C:\SFML\TILEMAP\DEBUG\TILEMAP.EXE.EMBED.MANIFEST.RES
C:\SFML\TileMap\Debug\TileMap.exe.intermediate.manifest
C:\SFML\TileMap\Debug\TileMap.pdb
C:\SFML\TileMap\Debug\TileMap.vcxprojResolveAssemblyReference.cache
C:\SFML\TileMap\Debug\TileMap.write.1.tlog
C:\SFML\TileMap\Debug\TileMap_manifest.rc
C:\SFML\TILEMAP\DEBUG\TITLESCENE.OBJ
C:\SFML\TILEMAP\DEBUG\TRANSFORMCOMPONENT.OBJ
C:\SFML\TileMap\Debug\vc100.idb
C:\SFML\TILEMAP\DEBUG\VC100.PDB
C:\SFML\TILEMAP\DEBUG\WORLD.OBJ
