  TransformComponent.cpp
  System.cpp
c:\users\fatalfarrow\desktop\repotim\tilemap\system.cpp(148): warning C4018: '<' : signed/unsigned mismatch
  StateManager.cpp
  State.cpp
  StandingState.cpp
c:\users\fatalfarrow\desktop\repotim\tilemap\standingstate.cpp(28): warning C4482: nonstandard extension used: enum 'Direction' used in qualified name
c:\users\fatalfarrow\desktop\repotim\tilemap\standingstate.cpp(39): warning C4482: nonstandard extension used: enum 'Direction' used in qualified name
  SpriteAnim.cpp
c:\users\fatalfarrow\desktop\repotim\tilemap\spriteanim.cpp(19): warning C4244: 'initializing' : conversion from 'double' to 'float', possible loss of data
c:\users\fatalfarrow\desktop\repotim\tilemap\spriteanim.cpp(21): warning C4305: '=' : truncation from 'double' to 'float'
c:\users\fatalfarrow\desktop\repotim\tilemap\spriteanim.cpp(48): warning C4482: nonstandard extension used: enum 'SpriteAnim::Status' used in qualified name
c:\users\fatalfarrow\desktop\repotim\tilemap\spriteanim.cpp(77): warning C4482: nonstandard extension used: enum 'SpriteAnim::Status' used in qualified name
  SlashBoxLogic.cpp
  RunningState.cpp
c:\users\fatalfarrow\desktop\repotim\tilemap\runningstate.cpp(67): warning C4482: nonstandard extension used: enum 'Direction' used in qualified name
c:\users\fatalfarrow\desktop\repotim\tilemap\runningstate.cpp(75): warning C4482: nonstandard extension used: enum 'Direction' used in qualified name
  RenderComponent.cpp
  PlayerState.cpp
  PlayerRender.cpp
  PlayerLogic.cpp
c:\users\fatalfarrow\desktop\repotim\tilemap\playerlogic.cpp(11): warning C4482: nonstandard extension used: enum 'Direction' used in qualified name
  PlayerInput.cpp
  NinjaRender.cpp
  NinjaLogic.cpp
  main.cpp
  LogicComponent.cpp
  JumpingState.cpp
  InputComponent.cpp
  GuardState.cpp
  Generating Code...
  Compiling...
  Grid.cpp
c:\users\fatalfarrow\desktop\repotim\tilemap\grid.cpp(51): warning C4018: '<' : signed/unsigned mismatch
c:\users\fatalfarrow\desktop\repotim\tilemap\grid.cpp(53): warning C4018: '<' : signed/unsigned mismatch
c:\users\fatalfarrow\desktop\repotim\tilemap\grid.cpp(60): warning C4244: 'argument' : conversion from 'unsigned int' to 'float', possible loss of data
c:\users\fatalfarrow\desktop\repotim\tilemap\grid.cpp(60): warning C4244: 'argument' : conversion from 'unsigned int' to 'float', possible loss of data
c:\users\fatalfarrow\desktop\repotim\tilemap\grid.cpp(78): warning C4018: '<' : signed/unsigned mismatch
c:\users\fatalfarrow\desktop\repotim\tilemap\grid.cpp(80): warning C4018: '<' : signed/unsigned mismatch
c:\users\fatalfarrow\desktop\repotim\tilemap\grid.cpp(120): warning C4018: '<' : signed/unsigned mismatch
c:\users\fatalfarrow\desktop\repotim\tilemap\grid.cpp(122): warning C4018: '<' : signed/unsigned mismatch
c:\users\fatalfarrow\desktop\repotim\tilemap\grid.cpp(155): warning C4018: '<' : signed/unsigned mismatch
c:\users\fatalfarrow\desktop\repotim\tilemap\grid.cpp(157): warning C4018: '<' : signed/unsigned mismatch
c:\users\fatalfarrow\desktop\repotim\tilemap\grid.cpp(183): warning C4018: '<' : signed/unsigned mismatch
c:\users\fatalfarrow\desktop\repotim\tilemap\grid.cpp(185): warning C4018: '<' : signed/unsigned mismatch
c:\users\fatalfarrow\desktop\repotim\tilemap\grid.cpp(215): warning C4018: '<' : signed/unsigned mismatch
c:\users\fatalfarrow\desktop\repotim\tilemap\grid.cpp(217): warning C4018: '<' : signed/unsigned mismatch
c:\users\fatalfarrow\desktop\repotim\tilemap\grid.cpp(250): warning C4018: '<' : signed/unsigned mismatch
c:\users\fatalfarrow\desktop\repotim\tilemap\grid.cpp(252): warning C4018: '<' : signed/unsigned mismatch
c:\users\fatalfarrow\desktop\repotim\tilemap\grid.cpp(279): warning C4018: '<' : signed/unsigned mismatch
c:\users\fatalfarrow\desktop\repotim\tilemap\grid.cpp(281): warning C4018: '<' : signed/unsigned mismatch
  GameObjectManager.cpp
c:\users\fatalfarrow\desktop\repotim\tilemap\gameobjectmanager.cpp(83): warning C4018: '<' : signed/unsigned mismatch
  GameObject.cpp
  Game.cpp
  FallingState.cpp
  Component.cpp
  BoxColliderComponent.cpp
  AttackState.cpp
  Generating Code...
c:\users\fatalfarrow\desktop\repotim\tilemap\grid.cpp(145): warning C4715: 'Grid::checkCollisionUnderPlayer' : not all control paths return a value
c:\users\fatalfarrow\desktop\repotim\tilemap\grid.cpp(174): warning C4715: 'Grid::checkCollisionAbovePlayer' : not all control paths return a value
c:\users\fatalfarrow\desktop\repotim\tilemap\grid.cpp(204): warning C4715: 'Grid::checkCollisionPlayerRight' : not all control paths return a value
c:\users\fatalfarrow\desktop\repotim\tilemap\grid.cpp(242): warning C4715: 'Grid::checkCollisionPlayerLeft' : not all control paths return a value
c:\users\fatalfarrow\desktop\repotim\tilemap\grid.cpp(297): warning C4715: 'Grid::getTileUnderPlayer' : not all control paths return a value
  TileMap.vcxproj -> C:\Users\FatalFarrow\Desktop\RepoTim\TileMap\Debug\TileMap.exe
